Vivado Simulator 2018.2
Copyright 1986-1999, 2001-2018 Xilinx, Inc. All Rights Reserved.
Running: C:/Xilinx/Vivado/2018.2/bin/unwrapped/win64.o/xelab.exe -wto e7d525d00fee4db0bcde2450474cbcdd --incr --debug typical --relax --mt 2 -L xil_defaultlib -L secureip -L xpm --snapshot Test_RXTX_state_machine_behav xil_defaultlib.Test_RXTX_state_machine -log elaborate.log 
Using 2 slave threads.
Starting static elaboration
Completed static elaboration
Starting simulation data flow analysis
Completed simulation data flow analysis
Time Resolution for simulation is 1ps
Compiling package std.standard
Compiling package std.textio
Compiling package ieee.std_logic_1164
Compiling package ieee.std_logic_arith
Compiling package ieee.std_logic_unsigned
Compiling package ieee.numeric_std
Compiling architecture behavioral of entity xil_defaultlib.Main_state_machine [main_state_machine_default]
Compiling architecture behavioral of entity xil_defaultlib.Read_data_state_machine [\Read_data_state_machine(baud_wi...]
Compiling architecture structure of entity xil_defaultlib.self_block_RAM_wrapper [self_block_ram_wrapper_default]
Compiling architecture behavioral of entity xil_defaultlib.Memory_control [memory_control_default]
Compiling architecture behavioral of entity xil_defaultlib.send_data_state_machine [\send_data_state_machine(baud_wi...]
Compiling architecture behavioral of entity xil_defaultlib.RX_TX_read_write_control [rx_tx_read_write_control_default]
Compiling architecture behavioral of entity xil_defaultlib.test_rxtx_state_machine
Built simulation snapshot Test_RXTX_state_machine_behav
