Copyright 1986-2018 Xilinx, Inc. All Rights Reserved.
-----------------------------------------------------------------------------------------------------------------------------------------------------------------------------------------------------------------
| Tool Version : Vivado v.2018.2.1 (lin64) Build 2288692 Thu Jul 26 18:23:50 MDT 2018
| Date         : Wed Aug 22 11:47:40 2018
| Host         : bozhao-Lenovo-V480 running 64-bit Ubuntu 18.04.1 LTS
| Command      : report_timing_summary -max_paths 10 -file Comb_Sub_Adder_timing_summary_routed.rpt -pb Comb_Sub_Adder_timing_summary_routed.pb -rpx Comb_Sub_Adder_timing_summary_routed.rpx -warn_on_violation
| Design       : Comb_Sub_Adder
| Device       : 7z010-clg400
| Speed File   : -1  PRODUCTION 1.11 2014-09-11
-----------------------------------------------------------------------------------------------------------------------------------------------------------------------------------------------------------------

Timing Summary Report

------------------------------------------------------------------------------------------------
| Timer Settings
| --------------
------------------------------------------------------------------------------------------------

  Enable Multi Corner Analysis               :  Yes
  Enable Pessimism Removal                   :  Yes
  Pessimism Removal Resolution               :  Nearest Common Node
  Enable Input Delay Default Clock           :  No
  Enable Preset / Clear Arcs                 :  No
  Disable Flight Delays                      :  No
  Ignore I/O Paths                           :  No
  Timing Early Launch at Borrowing Latches   :  false

  Corner  Analyze    Analyze    
  Name    Max Paths  Min Paths  
  ------  ---------  ---------  
  Slow    Yes        Yes        
  Fast    Yes        Yes        



check_timing report

Table of Contents
-----------------
1. checking no_clock
2. checking constant_clock
3. checking pulse_width_clock
4. checking unconstrained_internal_endpoints
5. checking no_input_delay
6. checking no_output_delay
7. checking multiple_clock
8. checking generated_clocks
9. checking loops
10. checking partial_input_delay
11. checking partial_output_delay
12. checking latch_loops

1. checking no_clock
--------------------
 There are 0 register/latch pins with no clock.


2. checking constant_clock
--------------------------
 There are 0 register/latch pins with constant_clock.


3. checking pulse_width_clock
-----------------------------
 There are 0 register/latch pins which need pulse_width check


4. checking unconstrained_internal_endpoints
--------------------------------------------
 There are 0 pins that are not constrained for maximum delay.

 There are 0 pins that are not constrained for maximum delay due to constant clock.


5. checking no_input_delay
--------------------------
 There are 8 input ports with no input delay specified. (HIGH)

 There are 0 input ports with no input delay but user has a false path constraint.


6. checking no_output_delay
---------------------------
 There are 4 ports with no output delay specified. (HIGH)

 There are 0 ports with no output delay but user has a false path constraint

 There are 0 ports with no output delay but with a timing clock defined on it or propagating through it


7. checking multiple_clock
--------------------------
 There are 0 register/latch pins with multiple clocks.


8. checking generated_clocks
----------------------------
 There are 0 generated clocks that are not connected to a clock source.


9. checking loops
-----------------
 There are 0 combinational loops in the design.


10. checking partial_input_delay
--------------------------------
 There are 0 input ports with partial input delay specified.


11. checking partial_output_delay
---------------------------------
 There are 0 ports with partial output delay specified.


12. checking latch_loops
------------------------
 There are 0 combinational latch loops in the design through latch input



------------------------------------------------------------------------------------------------
| Design Timing Summary
| ---------------------
------------------------------------------------------------------------------------------------

    WNS(ns)      TNS(ns)  TNS Failing Endpoints  TNS Total Endpoints      WHS(ns)      THS(ns)  THS Failing Endpoints  THS Total Endpoints     WPWS(ns)     TPWS(ns)  TPWS Failing Endpoints  TPWS Total Endpoints  
    -------      -------  ---------------------  -------------------      -------      -------  ---------------------  -------------------     --------     --------  ----------------------  --------------------  
      5.846        0.000                      0                    5        0.324        0.000                      0                    5        3.500        0.000                       0                     7  


All user specified timing constraints are met.


------------------------------------------------------------------------------------------------
| Clock Summary
| -------------
------------------------------------------------------------------------------------------------

Clock        Waveform(ns)         Period(ns)      Frequency(MHz)
-----        ------------         ----------      --------------
sys_clk_pin  {0.000 4.000}        8.000           125.000         


------------------------------------------------------------------------------------------------
| Intra Clock Table
| -----------------
------------------------------------------------------------------------------------------------

Clock             WNS(ns)      TNS(ns)  TNS Failing Endpoints  TNS Total Endpoints      WHS(ns)      THS(ns)  THS Failing Endpoints  THS Total Endpoints     WPWS(ns)     TPWS(ns)  TPWS Failing Endpoints  TPWS Total Endpoints  
-----             -------      -------  ---------------------  -------------------      -------      -------  ---------------------  -------------------     --------     --------  ----------------------  --------------------  
sys_clk_pin         5.846        0.000                      0                    5        0.324        0.000                      0                    5        3.500        0.000                       0                     7  


------------------------------------------------------------------------------------------------
| Inter Clock Table
| -----------------
------------------------------------------------------------------------------------------------

From Clock    To Clock          WNS(ns)      TNS(ns)  TNS Failing Endpoints  TNS Total Endpoints      WHS(ns)      THS(ns)  THS Failing Endpoints  THS Total Endpoints  
----------    --------          -------      -------  ---------------------  -------------------      -------      -------  ---------------------  -------------------  


------------------------------------------------------------------------------------------------
| Other Path Groups Table
| -----------------------
------------------------------------------------------------------------------------------------

Path Group    From Clock    To Clock          WNS(ns)      TNS(ns)  TNS Failing Endpoints  TNS Total Endpoints      WHS(ns)      THS(ns)  THS Failing Endpoints  THS Total Endpoints  
----------    ----------    --------          -------      -------  ---------------------  -------------------      -------      -------  ---------------------  -------------------  


------------------------------------------------------------------------------------------------
| Timing Details
| --------------
------------------------------------------------------------------------------------------------


---------------------------------------------------------------------------------------------------
From Clock:  sys_clk_pin
  To Clock:  sys_clk_pin

Setup :            0  Failing Endpoints,  Worst Slack        5.846ns,  Total Violation        0.000ns
Hold  :            0  Failing Endpoints,  Worst Slack        0.324ns,  Total Violation        0.000ns
PW    :            0  Failing Endpoints,  Worst Slack        3.500ns,  Total Violation        0.000ns
---------------------------------------------------------------------------------------------------


Max Delay Paths
--------------------------------------------------------------------------------------
Slack (MET) :             5.846ns  (required time - arrival time)
  Source:                 buff2_reg/C
                            (rising edge-triggered cell FDRE clocked by sys_clk_pin  {rise@0.000ns fall@4.000ns period=8.000ns})
  Destination:            led_reg[0]/CE
                            (rising edge-triggered cell FDRE clocked by sys_clk_pin  {rise@0.000ns fall@4.000ns period=8.000ns})
  Path Group:             sys_clk_pin
  Path Type:              Setup (Max at Slow Process Corner)
  Requirement:            8.000ns  (sys_clk_pin rise@8.000ns - sys_clk_pin rise@0.000ns)
  Data Path Delay:        1.891ns  (logic 0.642ns (33.944%)  route 1.249ns (66.056%))
  Logic Levels:           1  (LUT2=1)
  Clock Path Skew:        -0.022ns (DCD - SCD + CPR)
    Destination Clock Delay (DCD):    4.965ns = ( 12.965 - 8.000 ) 
    Source Clock Delay      (SCD):    5.418ns
    Clock Pessimism Removal (CPR):    0.431ns
  Clock Uncertainty:      0.035ns  ((TSJ^2 + TIJ^2)^1/2 + DJ) / 2 + PE
    Total System Jitter     (TSJ):    0.071ns
    Total Input Jitter      (TIJ):    0.000ns
    Discrete Jitter          (DJ):    0.000ns
    Phase Error              (PE):    0.000ns

    Location             Delay type                Incr(ns)  Path(ns)    Netlist Resource(s)
  -------------------------------------------------------------------    -------------------
                         (clock sys_clk_pin rise edge)
                                                      0.000     0.000 r  
    L16                                               0.000     0.000 r  clk (IN)
                         net (fo=0)                   0.000     0.000    clk
    L16                  IBUF (Prop_ibuf_I_O)         1.491     1.491 r  clk_IBUF_inst/O
                         net (fo=1, routed)           2.076     3.567    clk_IBUF
    BUFGCTRL_X0Y16       BUFG (Prop_bufg_I_O)         0.101     3.668 r  clk_IBUF_BUFG_inst/O
                         net (fo=6, routed)           1.750     5.418    clk_IBUF_BUFG
    SLICE_X42Y34         FDRE                                         r  buff2_reg/C
  -------------------------------------------------------------------    -------------------
    SLICE_X42Y34         FDRE (Prop_fdre_C_Q)         0.518     5.936 f  buff2_reg/Q
                         net (fo=1, routed)           0.661     6.597    buff2
    SLICE_X42Y34         LUT2 (Prop_lut2_I1_O)        0.124     6.721 r  led[3]_i_1/O
                         net (fo=4, routed)           0.588     7.310    led[3]_i_1_n_0
    SLICE_X43Y34         FDRE                                         r  led_reg[0]/CE
  -------------------------------------------------------------------    -------------------

                         (clock sys_clk_pin rise edge)
                                                      8.000     8.000 r  
    L16                                               0.000     8.000 r  clk (IN)
                         net (fo=0)                   0.000     8.000    clk
    L16                  IBUF (Prop_ibuf_I_O)         1.421     9.421 r  clk_IBUF_inst/O
                         net (fo=1, routed)           1.880    11.301    clk_IBUF
    BUFGCTRL_X0Y16       BUFG (Prop_bufg_I_O)         0.091    11.392 r  clk_IBUF_BUFG_inst/O
                         net (fo=6, routed)           1.573    12.965    clk_IBUF_BUFG
    SLICE_X43Y34         FDRE                                         r  led_reg[0]/C
                         clock pessimism              0.431    13.396    
                         clock uncertainty           -0.035    13.361    
    SLICE_X43Y34         FDRE (Setup_fdre_C_CE)      -0.205    13.156    led_reg[0]
  -------------------------------------------------------------------
                         required time                         13.156    
                         arrival time                          -7.310    
  -------------------------------------------------------------------
                         slack                                  5.846    

Slack (MET) :             5.846ns  (required time - arrival time)
  Source:                 buff2_reg/C
                            (rising edge-triggered cell FDRE clocked by sys_clk_pin  {rise@0.000ns fall@4.000ns period=8.000ns})
  Destination:            led_reg[1]/CE
                            (rising edge-triggered cell FDRE clocked by sys_clk_pin  {rise@0.000ns fall@4.000ns period=8.000ns})
  Path Group:             sys_clk_pin
  Path Type:              Setup (Max at Slow Process Corner)
  Requirement:            8.000ns  (sys_clk_pin rise@8.000ns - sys_clk_pin rise@0.000ns)
  Data Path Delay:        1.891ns  (logic 0.642ns (33.944%)  route 1.249ns (66.056%))
  Logic Levels:           1  (LUT2=1)
  Clock Path Skew:        -0.022ns (DCD - SCD + CPR)
    Destination Clock Delay (DCD):    4.965ns = ( 12.965 - 8.000 ) 
    Source Clock Delay      (SCD):    5.418ns
    Clock Pessimism Removal (CPR):    0.431ns
  Clock Uncertainty:      0.035ns  ((TSJ^2 + TIJ^2)^1/2 + DJ) / 2 + PE
    Total System Jitter     (TSJ):    0.071ns
    Total Input Jitter      (TIJ):    0.000ns
    Discrete Jitter          (DJ):    0.000ns
    Phase Error              (PE):    0.000ns

    Location             Delay type                Incr(ns)  Path(ns)    Netlist Resource(s)
  -------------------------------------------------------------------    -------------------
                         (clock sys_clk_pin rise edge)
                                                      0.000     0.000 r  
    L16                                               0.000     0.000 r  clk (IN)
                         net (fo=0)                   0.000     0.000    clk
    L16                  IBUF (Prop_ibuf_I_O)         1.491     1.491 r  clk_IBUF_inst/O
                         net (fo=1, routed)           2.076     3.567    clk_IBUF
    BUFGCTRL_X0Y16       BUFG (Prop_bufg_I_O)         0.101     3.668 r  clk_IBUF_BUFG_inst/O
                         net (fo=6, routed)           1.750     5.418    clk_IBUF_BUFG
    SLICE_X42Y34         FDRE                                         r  buff2_reg/C
  -------------------------------------------------------------------    -------------------
    SLICE_X42Y34         FDRE (Prop_fdre_C_Q)         0.518     5.936 f  buff2_reg/Q
                         net (fo=1, routed)           0.661     6.597    buff2
    SLICE_X42Y34         LUT2 (Prop_lut2_I1_O)        0.124     6.721 r  led[3]_i_1/O
                         net (fo=4, routed)           0.588     7.310    led[3]_i_1_n_0
    SLICE_X43Y34         FDRE                                         r  led_reg[1]/CE
  -------------------------------------------------------------------    -------------------

                         (clock sys_clk_pin rise edge)
                                                      8.000     8.000 r  
    L16                                               0.000     8.000 r  clk (IN)
                         net (fo=0)                   0.000     8.000    clk
    L16                  IBUF (Prop_ibuf_I_O)         1.421     9.421 r  clk_IBUF_inst/O
                         net (fo=1, routed)           1.880    11.301    clk_IBUF
    BUFGCTRL_X0Y16       BUFG (Prop_bufg_I_O)         0.091    11.392 r  clk_IBUF_BUFG_inst/O
                         net (fo=6, routed)           1.573    12.965    clk_IBUF_BUFG
    SLICE_X43Y34         FDRE                                         r  led_reg[1]/C
                         clock pessimism              0.431    13.396    
                         clock uncertainty           -0.035    13.361    
    SLICE_X43Y34         FDRE (Setup_fdre_C_CE)      -0.205    13.156    led_reg[1]
  -------------------------------------------------------------------
                         required time                         13.156    
                         arrival time                          -7.310    
  -------------------------------------------------------------------
                         slack                                  5.846    

Slack (MET) :             5.846ns  (required time - arrival time)
  Source:                 buff2_reg/C
                            (rising edge-triggered cell FDRE clocked by sys_clk_pin  {rise@0.000ns fall@4.000ns period=8.000ns})
  Destination:            led_reg[2]/CE
                            (rising edge-triggered cell FDRE clocked by sys_clk_pin  {rise@0.000ns fall@4.000ns period=8.000ns})
  Path Group:             sys_clk_pin
  Path Type:              Setup (Max at Slow Process Corner)
  Requirement:            8.000ns  (sys_clk_pin rise@8.000ns - sys_clk_pin rise@0.000ns)
  Data Path Delay:        1.891ns  (logic 0.642ns (33.944%)  route 1.249ns (66.056%))
  Logic Levels:           1  (LUT2=1)
  Clock Path Skew:        -0.022ns (DCD - SCD + CPR)
    Destination Clock Delay (DCD):    4.965ns = ( 12.965 - 8.000 ) 
    Source Clock Delay      (SCD):    5.418ns
    Clock Pessimism Removal (CPR):    0.431ns
  Clock Uncertainty:      0.035ns  ((TSJ^2 + TIJ^2)^1/2 + DJ) / 2 + PE
    Total System Jitter     (TSJ):    0.071ns
    Total Input Jitter      (TIJ):    0.000ns
    Discrete Jitter          (DJ):    0.000ns
    Phase Error              (PE):    0.000ns

    Location             Delay type                Incr(ns)  Path(ns)    Netlist Resource(s)
  -------------------------------------------------------------------    -------------------
                         (clock sys_clk_pin rise edge)
                                                      0.000     0.000 r  
    L16                                               0.000     0.000 r  clk (IN)
                         net (fo=0)                   0.000     0.000    clk
    L16                  IBUF (Prop_ibuf_I_O)         1.491     1.491 r  clk_IBUF_inst/O
                         net (fo=1, routed)           2.076     3.567    clk_IBUF
    BUFGCTRL_X0Y16       BUFG (Prop_bufg_I_O)         0.101     3.668 r  clk_IBUF_BUFG_inst/O
                         net (fo=6, routed)           1.750     5.418    clk_IBUF_BUFG
    SLICE_X42Y34         FDRE                                         r  buff2_reg/C
  -------------------------------------------------------------------    -------------------
    SLICE_X42Y34         FDRE (Prop_fdre_C_Q)         0.518     5.936 f  buff2_reg/Q
                         net (fo=1, routed)           0.661     6.597    buff2
    SLICE_X42Y34         LUT2 (Prop_lut2_I1_O)        0.124     6.721 r  led[3]_i_1/O
                         net (fo=4, routed)           0.588     7.310    led[3]_i_1_n_0
    SLICE_X43Y34         FDRE                                         r  led_reg[2]/CE
  -------------------------------------------------------------------    -------------------

                         (clock sys_clk_pin rise edge)
                                                      8.000     8.000 r  
    L16                                               0.000     8.000 r  clk (IN)
                         net (fo=0)                   0.000     8.000    clk
    L16                  IBUF (Prop_ibuf_I_O)         1.421     9.421 r  clk_IBUF_inst/O
                         net (fo=1, routed)           1.880    11.301    clk_IBUF
    BUFGCTRL_X0Y16       BUFG (Prop_bufg_I_O)         0.091    11.392 r  clk_IBUF_BUFG_inst/O
                         net (fo=6, routed)           1.573    12.965    clk_IBUF_BUFG
    SLICE_X43Y34         FDRE                                         r  led_reg[2]/C
                         clock pessimism              0.431    13.396    
                         clock uncertainty           -0.035    13.361    
    SLICE_X43Y34         FDRE (Setup_fdre_C_CE)      -0.205    13.156    led_reg[2]
  -------------------------------------------------------------------
                         required time                         13.156    
                         arrival time                          -7.310    
  -------------------------------------------------------------------
                         slack                                  5.846    

Slack (MET) :             5.846ns  (required time - arrival time)
  Source:                 buff2_reg/C
                            (rising edge-triggered cell FDRE clocked by sys_clk_pin  {rise@0.000ns fall@4.000ns period=8.000ns})
  Destination:            led_reg[3]/CE
                            (rising edge-triggered cell FDRE clocked by sys_clk_pin  {rise@0.000ns fall@4.000ns period=8.000ns})
  Path Group:             sys_clk_pin
  Path Type:              Setup (Max at Slow Process Corner)
  Requirement:            8.000ns  (sys_clk_pin rise@8.000ns - sys_clk_pin rise@0.000ns)
  Data Path Delay:        1.891ns  (logic 0.642ns (33.944%)  route 1.249ns (66.056%))
  Logic Levels:           1  (LUT2=1)
  Clock Path Skew:        -0.022ns (DCD - SCD + CPR)
    Destination Clock Delay (DCD):    4.965ns = ( 12.965 - 8.000 ) 
    Source Clock Delay      (SCD):    5.418ns
    Clock Pessimism Removal (CPR):    0.431ns
  Clock Uncertainty:      0.035ns  ((TSJ^2 + TIJ^2)^1/2 + DJ) / 2 + PE
    Total System Jitter     (TSJ):    0.071ns
    Total Input Jitter      (TIJ):    0.000ns
    Discrete Jitter          (DJ):    0.000ns
    Phase Error              (PE):    0.000ns

    Location             Delay type                Incr(ns)  Path(ns)    Netlist Resource(s)
  -------------------------------------------------------------------    -------------------
                         (clock sys_clk_pin rise edge)
                                                      0.000     0.000 r  
    L16                                               0.000     0.000 r  clk (IN)
                         net (fo=0)                   0.000     0.000    clk
    L16                  IBUF (Prop_ibuf_I_O)         1.491     1.491 r  clk_IBUF_inst/O
                         net (fo=1, routed)           2.076     3.567    clk_IBUF
    BUFGCTRL_X0Y16       BUFG (Prop_bufg_I_O)         0.101     3.668 r  clk_IBUF_BUFG_inst/O
                         net (fo=6, routed)           1.750     5.418    clk_IBUF_BUFG
    SLICE_X42Y34         FDRE                                         r  buff2_reg/C
  -------------------------------------------------------------------    -------------------
    SLICE_X42Y34         FDRE (Prop_fdre_C_Q)         0.518     5.936 f  buff2_reg/Q
                         net (fo=1, routed)           0.661     6.597    buff2
    SLICE_X42Y34         LUT2 (Prop_lut2_I1_O)        0.124     6.721 r  led[3]_i_1/O
                         net (fo=4, routed)           0.588     7.310    led[3]_i_1_n_0
    SLICE_X43Y34         FDRE                                         r  led_reg[3]/CE
  -------------------------------------------------------------------    -------------------

                         (clock sys_clk_pin rise edge)
                                                      8.000     8.000 r  
    L16                                               0.000     8.000 r  clk (IN)
                         net (fo=0)                   0.000     8.000    clk
    L16                  IBUF (Prop_ibuf_I_O)         1.421     9.421 r  clk_IBUF_inst/O
                         net (fo=1, routed)           1.880    11.301    clk_IBUF
    BUFGCTRL_X0Y16       BUFG (Prop_bufg_I_O)         0.091    11.392 r  clk_IBUF_BUFG_inst/O
                         net (fo=6, routed)           1.573    12.965    clk_IBUF_BUFG
    SLICE_X43Y34         FDRE                                         r  led_reg[3]/C
                         clock pessimism              0.431    13.396    
                         clock uncertainty           -0.035    13.361    
    SLICE_X43Y34         FDRE (Setup_fdre_C_CE)      -0.205    13.156    led_reg[3]
  -------------------------------------------------------------------
                         required time                         13.156    
                         arrival time                          -7.310    
  -------------------------------------------------------------------
                         slack                                  5.846    

Slack (MET) :             6.778ns  (required time - arrival time)
  Source:                 buff1_reg/C
                            (rising edge-triggered cell FDRE clocked by sys_clk_pin  {rise@0.000ns fall@4.000ns period=8.000ns})
  Destination:            buff2_reg/D
                            (rising edge-triggered cell FDRE clocked by sys_clk_pin  {rise@0.000ns fall@4.000ns period=8.000ns})
  Path Group:             sys_clk_pin
  Path Type:              Setup (Max at Slow Process Corner)
  Requirement:            8.000ns  (sys_clk_pin rise@8.000ns - sys_clk_pin rise@0.000ns)
  Data Path Delay:        1.142ns  (logic 0.518ns (45.354%)  route 0.624ns (54.646%))
  Logic Levels:           0  
  Clock Path Skew:        0.000ns (DCD - SCD + CPR)
    Destination Clock Delay (DCD):    4.965ns = ( 12.965 - 8.000 ) 
    Source Clock Delay      (SCD):    5.418ns
    Clock Pessimism Removal (CPR):    0.453ns
  Clock Uncertainty:      0.035ns  ((TSJ^2 + TIJ^2)^1/2 + DJ) / 2 + PE
    Total System Jitter     (TSJ):    0.071ns
    Total Input Jitter      (TIJ):    0.000ns
    Discrete Jitter          (DJ):    0.000ns
    Phase Error              (PE):    0.000ns

    Location             Delay type                Incr(ns)  Path(ns)    Netlist Resource(s)
  -------------------------------------------------------------------    -------------------
                         (clock sys_clk_pin rise edge)
                                                      0.000     0.000 r  
    L16                                               0.000     0.000 r  clk (IN)
                         net (fo=0)                   0.000     0.000    clk
    L16                  IBUF (Prop_ibuf_I_O)         1.491     1.491 r  clk_IBUF_inst/O
                         net (fo=1, routed)           2.076     3.567    clk_IBUF
    BUFGCTRL_X0Y16       BUFG (Prop_bufg_I_O)         0.101     3.668 r  clk_IBUF_BUFG_inst/O
                         net (fo=6, routed)           1.750     5.418    clk_IBUF_BUFG
    SLICE_X42Y34         FDRE                                         r  buff1_reg/C
  -------------------------------------------------------------------    -------------------
    SLICE_X42Y34         FDRE (Prop_fdre_C_Q)         0.518     5.936 r  buff1_reg/Q
                         net (fo=2, routed)           0.624     6.560    buff1
    SLICE_X42Y34         FDRE                                         r  buff2_reg/D
  -------------------------------------------------------------------    -------------------

                         (clock sys_clk_pin rise edge)
                                                      8.000     8.000 r  
    L16                                               0.000     8.000 r  clk (IN)
                         net (fo=0)                   0.000     8.000    clk
    L16                  IBUF (Prop_ibuf_I_O)         1.421     9.421 r  clk_IBUF_inst/O
                         net (fo=1, routed)           1.880    11.301    clk_IBUF
    BUFGCTRL_X0Y16       BUFG (Prop_bufg_I_O)         0.091    11.392 r  clk_IBUF_BUFG_inst/O
                         net (fo=6, routed)           1.573    12.965    clk_IBUF_BUFG
    SLICE_X42Y34         FDRE                                         r  buff2_reg/C
                         clock pessimism              0.453    13.418    
                         clock uncertainty           -0.035    13.383    
    SLICE_X42Y34         FDRE (Setup_fdre_C_D)       -0.045    13.338    buff2_reg
  -------------------------------------------------------------------
                         required time                         13.338    
                         arrival time                          -6.560    
  -------------------------------------------------------------------
                         slack                                  6.778    





Min Delay Paths
--------------------------------------------------------------------------------------
Slack (MET) :             0.324ns  (arrival time - required time)
  Source:                 buff1_reg/C
                            (rising edge-triggered cell FDRE clocked by sys_clk_pin  {rise@0.000ns fall@4.000ns period=8.000ns})
  Destination:            buff2_reg/D
                            (rising edge-triggered cell FDRE clocked by sys_clk_pin  {rise@0.000ns fall@4.000ns period=8.000ns})
  Path Group:             sys_clk_pin
  Path Type:              Hold (Min at Fast Process Corner)
  Requirement:            0.000ns  (sys_clk_pin rise@0.000ns - sys_clk_pin rise@0.000ns)
  Data Path Delay:        0.376ns  (logic 0.164ns (43.603%)  route 0.212ns (56.397%))
  Logic Levels:           0  
  Clock Path Skew:        0.000ns (DCD - SCD - CPR)
    Destination Clock Delay (DCD):    2.016ns
    Source Clock Delay      (SCD):    1.502ns
    Clock Pessimism Removal (CPR):    0.514ns

    Location             Delay type                Incr(ns)  Path(ns)    Netlist Resource(s)
  -------------------------------------------------------------------    -------------------
                         (clock sys_clk_pin rise edge)
                                                      0.000     0.000 r  
    L16                                               0.000     0.000 r  clk (IN)
                         net (fo=0)                   0.000     0.000    clk
    L16                  IBUF (Prop_ibuf_I_O)         0.259     0.259 r  clk_IBUF_inst/O
                         net (fo=1, routed)           0.627     0.886    clk_IBUF
    BUFGCTRL_X0Y16       BUFG (Prop_bufg_I_O)         0.026     0.912 r  clk_IBUF_BUFG_inst/O
                         net (fo=6, routed)           0.590     1.502    clk_IBUF_BUFG
    SLICE_X42Y34         FDRE                                         r  buff1_reg/C
  -------------------------------------------------------------------    -------------------
    SLICE_X42Y34         FDRE (Prop_fdre_C_Q)         0.164     1.666 r  buff1_reg/Q
                         net (fo=2, routed)           0.212     1.878    buff1
    SLICE_X42Y34         FDRE                                         r  buff2_reg/D
  -------------------------------------------------------------------    -------------------

                         (clock sys_clk_pin rise edge)
                                                      0.000     0.000 r  
    L16                                               0.000     0.000 r  clk (IN)
                         net (fo=0)                   0.000     0.000    clk
    L16                  IBUF (Prop_ibuf_I_O)         0.447     0.447 r  clk_IBUF_inst/O
                         net (fo=1, routed)           0.683     1.130    clk_IBUF
    BUFGCTRL_X0Y16       BUFG (Prop_bufg_I_O)         0.029     1.159 r  clk_IBUF_BUFG_inst/O
                         net (fo=6, routed)           0.857     2.016    clk_IBUF_BUFG
    SLICE_X42Y34         FDRE                                         r  buff2_reg/C
                         clock pessimism             -0.514     1.502    
    SLICE_X42Y34         FDRE (Hold_fdre_C_D)         0.052     1.554    buff2_reg
  -------------------------------------------------------------------
                         required time                         -1.554    
                         arrival time                           1.878    
  -------------------------------------------------------------------
                         slack                                  0.324    

Slack (MET) :             0.601ns  (arrival time - required time)
  Source:                 buff1_reg/C
                            (rising edge-triggered cell FDRE clocked by sys_clk_pin  {rise@0.000ns fall@4.000ns period=8.000ns})
  Destination:            led_reg[0]/CE
                            (rising edge-triggered cell FDRE clocked by sys_clk_pin  {rise@0.000ns fall@4.000ns period=8.000ns})
  Path Group:             sys_clk_pin
  Path Type:              Hold (Min at Fast Process Corner)
  Requirement:            0.000ns  (sys_clk_pin rise@0.000ns - sys_clk_pin rise@0.000ns)
  Data Path Delay:        0.575ns  (logic 0.209ns (36.375%)  route 0.366ns (63.625%))
  Logic Levels:           1  (LUT2=1)
  Clock Path Skew:        0.013ns (DCD - SCD - CPR)
    Destination Clock Delay (DCD):    2.016ns
    Source Clock Delay      (SCD):    1.502ns
    Clock Pessimism Removal (CPR):    0.501ns

    Location             Delay type                Incr(ns)  Path(ns)    Netlist Resource(s)
  -------------------------------------------------------------------    -------------------
                         (clock sys_clk_pin rise edge)
                                                      0.000     0.000 r  
    L16                                               0.000     0.000 r  clk (IN)
                         net (fo=0)                   0.000     0.000    clk
    L16                  IBUF (Prop_ibuf_I_O)         0.259     0.259 r  clk_IBUF_inst/O
                         net (fo=1, routed)           0.627     0.886    clk_IBUF
    BUFGCTRL_X0Y16       BUFG (Prop_bufg_I_O)         0.026     0.912 r  clk_IBUF_BUFG_inst/O
                         net (fo=6, routed)           0.590     1.502    clk_IBUF_BUFG
    SLICE_X42Y34         FDRE                                         r  buff1_reg/C
  -------------------------------------------------------------------    -------------------
    SLICE_X42Y34         FDRE (Prop_fdre_C_Q)         0.164     1.666 r  buff1_reg/Q
                         net (fo=2, routed)           0.175     1.841    buff1
    SLICE_X42Y34         LUT2 (Prop_lut2_I0_O)        0.045     1.886 r  led[3]_i_1/O
                         net (fo=4, routed)           0.190     2.076    led[3]_i_1_n_0
    SLICE_X43Y34         FDRE                                         r  led_reg[0]/CE
  -------------------------------------------------------------------    -------------------

                         (clock sys_clk_pin rise edge)
                                                      0.000     0.000 r  
    L16                                               0.000     0.000 r  clk (IN)
                         net (fo=0)                   0.000     0.000    clk
    L16                  IBUF (Prop_ibuf_I_O)         0.447     0.447 r  clk_IBUF_inst/O
                         net (fo=1, routed)           0.683     1.130    clk_IBUF
    BUFGCTRL_X0Y16       BUFG (Prop_bufg_I_O)         0.029     1.159 r  clk_IBUF_BUFG_inst/O
                         net (fo=6, routed)           0.857     2.016    clk_IBUF_BUFG
    SLICE_X43Y34         FDRE                                         r  led_reg[0]/C
                         clock pessimism             -0.501     1.515    
    SLICE_X43Y34         FDRE (Hold_fdre_C_CE)       -0.039     1.476    led_reg[0]
  -------------------------------------------------------------------
                         required time                         -1.476    
                         arrival time                           2.076    
  -------------------------------------------------------------------
                         slack                                  0.601    

Slack (MET) :             0.601ns  (arrival time - required time)
  Source:                 buff1_reg/C
                            (rising edge-triggered cell FDRE clocked by sys_clk_pin  {rise@0.000ns fall@4.000ns period=8.000ns})
  Destination:            led_reg[1]/CE
                            (rising edge-triggered cell FDRE clocked by sys_clk_pin  {rise@0.000ns fall@4.000ns period=8.000ns})
  Path Group:             sys_clk_pin
  Path Type:              Hold (Min at Fast Process Corner)
  Requirement:            0.000ns  (sys_clk_pin rise@0.000ns - sys_clk_pin rise@0.000ns)
  Data Path Delay:        0.575ns  (logic 0.209ns (36.375%)  route 0.366ns (63.625%))
  Logic Levels:           1  (LUT2=1)
  Clock Path Skew:        0.013ns (DCD - SCD - CPR)
    Destination Clock Delay (DCD):    2.016ns
    Source Clock Delay      (SCD):    1.502ns
    Clock Pessimism Removal (CPR):    0.501ns

    Location             Delay type                Incr(ns)  Path(ns)    Netlist Resource(s)
  -------------------------------------------------------------------    -------------------
                         (clock sys_clk_pin rise edge)
                                                      0.000     0.000 r  
    L16                                               0.000     0.000 r  clk (IN)
                         net (fo=0)                   0.000     0.000    clk
    L16                  IBUF (Prop_ibuf_I_O)         0.259     0.259 r  clk_IBUF_inst/O
                         net (fo=1, routed)           0.627     0.886    clk_IBUF
    BUFGCTRL_X0Y16       BUFG (Prop_bufg_I_O)         0.026     0.912 r  clk_IBUF_BUFG_inst/O
                         net (fo=6, routed)           0.590     1.502    clk_IBUF_BUFG
    SLICE_X42Y34         FDRE                                         r  buff1_reg/C
  -------------------------------------------------------------------    -------------------
    SLICE_X42Y34         FDRE (Prop_fdre_C_Q)         0.164     1.666 r  buff1_reg/Q
                         net (fo=2, routed)           0.175     1.841    buff1
    SLICE_X42Y34         LUT2 (Prop_lut2_I0_O)        0.045     1.886 r  led[3]_i_1/O
                         net (fo=4, routed)           0.190     2.076    led[3]_i_1_n_0
    SLICE_X43Y34         FDRE                                         r  led_reg[1]/CE
  -------------------------------------------------------------------    -------------------

                         (clock sys_clk_pin rise edge)
                                                      0.000     0.000 r  
    L16                                               0.000     0.000 r  clk (IN)
                         net (fo=0)                   0.000     0.000    clk
    L16                  IBUF (Prop_ibuf_I_O)         0.447     0.447 r  clk_IBUF_inst/O
                         net (fo=1, routed)           0.683     1.130    clk_IBUF
    BUFGCTRL_X0Y16       BUFG (Prop_bufg_I_O)         0.029     1.159 r  clk_IBUF_BUFG_inst/O
                         net (fo=6, routed)           0.857     2.016    clk_IBUF_BUFG
    SLICE_X43Y34         FDRE                                         r  led_reg[1]/C
                         clock pessimism             -0.501     1.515    
    SLICE_X43Y34         FDRE (Hold_fdre_C_CE)       -0.039     1.476    led_reg[1]
  -------------------------------------------------------------------
                         required time                         -1.476    
                         arrival time                           2.076    
  -------------------------------------------------------------------
                         slack                                  0.601    

Slack (MET) :             0.601ns  (arrival time - required time)
  Source:                 buff1_reg/C
                            (rising edge-triggered cell FDRE clocked by sys_clk_pin  {rise@0.000ns fall@4.000ns period=8.000ns})
  Destination:            led_reg[2]/CE
                            (rising edge-triggered cell FDRE clocked by sys_clk_pin  {rise@0.000ns fall@4.000ns period=8.000ns})
  Path Group:             sys_clk_pin
  Path Type:              Hold (Min at Fast Process Corner)
  Requirement:            0.000ns  (sys_clk_pin rise@0.000ns - sys_clk_pin rise@0.000ns)
  Data Path Delay:        0.575ns  (logic 0.209ns (36.375%)  route 0.366ns (63.625%))
  Logic Levels:           1  (LUT2=1)
  Clock Path Skew:        0.013ns (DCD - SCD - CPR)
    Destination Clock Delay (DCD):    2.016ns
    Source Clock Delay      (SCD):    1.502ns
    Clock Pessimism Removal (CPR):    0.501ns

    Location             Delay type                Incr(ns)  Path(ns)    Netlist Resource(s)
  -------------------------------------------------------------------    -------------------
                         (clock sys_clk_pin rise edge)
                                                      0.000     0.000 r  
    L16                                               0.000     0.000 r  clk (IN)
                         net (fo=0)                   0.000     0.000    clk
    L16                  IBUF (Prop_ibuf_I_O)         0.259     0.259 r  clk_IBUF_inst/O
                         net (fo=1, routed)           0.627     0.886    clk_IBUF
    BUFGCTRL_X0Y16       BUFG (Prop_bufg_I_O)         0.026     0.912 r  clk_IBUF_BUFG_inst/O
                         net (fo=6, routed)           0.590     1.502    clk_IBUF_BUFG
    SLICE_X42Y34         FDRE                                         r  buff1_reg/C
  -------------------------------------------------------------------    -------------------
    SLICE_X42Y34         FDRE (Prop_fdre_C_Q)         0.164     1.666 r  buff1_reg/Q
                         net (fo=2, routed)           0.175     1.841    buff1
    SLICE_X42Y34         LUT2 (Prop_lut2_I0_O)        0.045     1.886 r  led[3]_i_1/O
                         net (fo=4, routed)           0.190     2.076    led[3]_i_1_n_0
    SLICE_X43Y34         FDRE                                         r  led_reg[2]/CE
  -------------------------------------------------------------------    -------------------

                         (clock sys_clk_pin rise edge)
                                                      0.000     0.000 r  
    L16                                               0.000     0.000 r  clk (IN)
                         net (fo=0)                   0.000     0.000    clk
    L16                  IBUF (Prop_ibuf_I_O)         0.447     0.447 r  clk_IBUF_inst/O
                         net (fo=1, routed)           0.683     1.130    clk_IBUF
    BUFGCTRL_X0Y16       BUFG (Prop_bufg_I_O)         0.029     1.159 r  clk_IBUF_BUFG_inst/O
                         net (fo=6, routed)           0.857     2.016    clk_IBUF_BUFG
    SLICE_X43Y34         FDRE                                         r  led_reg[2]/C
                         clock pessimism             -0.501     1.515    
    SLICE_X43Y34         FDRE (Hold_fdre_C_CE)       -0.039     1.476    led_reg[2]
  -------------------------------------------------------------------
                         required time                         -1.476    
                         arrival time                           2.076    
  -------------------------------------------------------------------
                         slack                                  0.601    

Slack (MET) :             0.601ns  (arrival time - required time)
  Source:                 buff1_reg/C
                            (rising edge-triggered cell FDRE clocked by sys_clk_pin  {rise@0.000ns fall@4.000ns period=8.000ns})
  Destination:            led_reg[3]/CE
                            (rising edge-triggered cell FDRE clocked by sys_clk_pin  {rise@0.000ns fall@4.000ns period=8.000ns})
  Path Group:             sys_clk_pin
  Path Type:              Hold (Min at Fast Process Corner)
  Requirement:            0.000ns  (sys_clk_pin rise@0.000ns - sys_clk_pin rise@0.000ns)
  Data Path Delay:        0.575ns  (logic 0.209ns (36.375%)  route 0.366ns (63.625%))
  Logic Levels:           1  (LUT2=1)
  Clock Path Skew:        0.013ns (DCD - SCD - CPR)
    Destination Clock Delay (DCD):    2.016ns
    Source Clock Delay      (SCD):    1.502ns
    Clock Pessimism Removal (CPR):    0.501ns

    Location             Delay type                Incr(ns)  Path(ns)    Netlist Resource(s)
  -------------------------------------------------------------------    -------------------
                         (clock sys_clk_pin rise edge)
                                                      0.000     0.000 r  
    L16                                               0.000     0.000 r  clk (IN)
                         net (fo=0)                   0.000     0.000    clk
    L16                  IBUF (Prop_ibuf_I_O)         0.259     0.259 r  clk_IBUF_inst/O
                         net (fo=1, routed)           0.627     0.886    clk_IBUF
    BUFGCTRL_X0Y16       BUFG (Prop_bufg_I_O)         0.026     0.912 r  clk_IBUF_BUFG_inst/O
                         net (fo=6, routed)           0.590     1.502    clk_IBUF_BUFG
    SLICE_X42Y34         FDRE                                         r  buff1_reg/C
  -------------------------------------------------------------------    -------------------
    SLICE_X42Y34         FDRE (Prop_fdre_C_Q)         0.164     1.666 r  buff1_reg/Q
                         net (fo=2, routed)           0.175     1.841    buff1
    SLICE_X42Y34         LUT2 (Prop_lut2_I0_O)        0.045     1.886 r  led[3]_i_1/O
                         net (fo=4, routed)           0.190     2.076    led[3]_i_1_n_0
    SLICE_X43Y34         FDRE                                         r  led_reg[3]/CE
  -------------------------------------------------------------------    -------------------

                         (clock sys_clk_pin rise edge)
                                                      0.000     0.000 r  
    L16                                               0.000     0.000 r  clk (IN)
                         net (fo=0)                   0.000     0.000    clk
    L16                  IBUF (Prop_ibuf_I_O)         0.447     0.447 r  clk_IBUF_inst/O
                         net (fo=1, routed)           0.683     1.130    clk_IBUF
    BUFGCTRL_X0Y16       BUFG (Prop_bufg_I_O)         0.029     1.159 r  clk_IBUF_BUFG_inst/O
                         net (fo=6, routed)           0.857     2.016    clk_IBUF_BUFG
    SLICE_X43Y34         FDRE                                         r  led_reg[3]/C
                         clock pessimism             -0.501     1.515    
    SLICE_X43Y34         FDRE (Hold_fdre_C_CE)       -0.039     1.476    led_reg[3]
  -------------------------------------------------------------------
                         required time                         -1.476    
                         arrival time                           2.076    
  -------------------------------------------------------------------
                         slack                                  0.601    





Pulse Width Checks
--------------------------------------------------------------------------------------
Clock Name:         sys_clk_pin
Waveform(ns):       { 0.000 4.000 }
Period(ns):         8.000
Sources:            { clk }

Check Type        Corner  Lib Pin  Reference Pin  Required(ns)  Actual(ns)  Slack(ns)  Location        Pin
Min Period        n/a     BUFG/I   n/a            2.155         8.000       5.845      BUFGCTRL_X0Y16  clk_IBUF_BUFG_inst/I
Min Period        n/a     FDRE/C   n/a            1.000         8.000       7.000      SLICE_X42Y34    buff1_reg/C
Min Period        n/a     FDRE/C   n/a            1.000         8.000       7.000      SLICE_X42Y34    buff2_reg/C
Min Period        n/a     FDRE/C   n/a            1.000         8.000       7.000      SLICE_X43Y34    led_reg[0]/C
Min Period        n/a     FDRE/C   n/a            1.000         8.000       7.000      SLICE_X43Y34    led_reg[1]/C
Min Period        n/a     FDRE/C   n/a            1.000         8.000       7.000      SLICE_X43Y34    led_reg[2]/C
Min Period        n/a     FDRE/C   n/a            1.000         8.000       7.000      SLICE_X43Y34    led_reg[3]/C
Low Pulse Width   Slow    FDRE/C   n/a            0.500         4.000       3.500      SLICE_X42Y34    buff1_reg/C
Low Pulse Width   Fast    FDRE/C   n/a            0.500         4.000       3.500      SLICE_X42Y34    buff1_reg/C
Low Pulse Width   Slow    FDRE/C   n/a            0.500         4.000       3.500      SLICE_X42Y34    buff2_reg/C
Low Pulse Width   Fast    FDRE/C   n/a            0.500         4.000       3.500      SLICE_X42Y34    buff2_reg/C
Low Pulse Width   Slow    FDRE/C   n/a            0.500         4.000       3.500      SLICE_X43Y34    led_reg[0]/C
Low Pulse Width   Fast    FDRE/C   n/a            0.500         4.000       3.500      SLICE_X43Y34    led_reg[0]/C
Low Pulse Width   Slow    FDRE/C   n/a            0.500         4.000       3.500      SLICE_X43Y34    led_reg[1]/C
Low Pulse Width   Fast    FDRE/C   n/a            0.500         4.000       3.500      SLICE_X43Y34    led_reg[1]/C
Low Pulse Width   Slow    FDRE/C   n/a            0.500         4.000       3.500      SLICE_X43Y34    led_reg[2]/C
Low Pulse Width   Fast    FDRE/C   n/a            0.500         4.000       3.500      SLICE_X43Y34    led_reg[2]/C
High Pulse Width  Fast    FDRE/C   n/a            0.500         4.000       3.500      SLICE_X42Y34    buff1_reg/C
High Pulse Width  Fast    FDRE/C   n/a            0.500         4.000       3.500      SLICE_X42Y34    buff2_reg/C
High Pulse Width  Fast    FDRE/C   n/a            0.500         4.000       3.500      SLICE_X43Y34    led_reg[0]/C
High Pulse Width  Fast    FDRE/C   n/a            0.500         4.000       3.500      SLICE_X43Y34    led_reg[1]/C
High Pulse Width  Fast    FDRE/C   n/a            0.500         4.000       3.500      SLICE_X43Y34    led_reg[2]/C
High Pulse Width  Fast    FDRE/C   n/a            0.500         4.000       3.500      SLICE_X43Y34    led_reg[3]/C
High Pulse Width  Slow    FDRE/C   n/a            0.500         4.000       3.500      SLICE_X42Y34    buff1_reg/C
High Pulse Width  Slow    FDRE/C   n/a            0.500         4.000       3.500      SLICE_X42Y34    buff2_reg/C
High Pulse Width  Slow    FDRE/C   n/a            0.500         4.000       3.500      SLICE_X43Y34    led_reg[0]/C
High Pulse Width  Slow    FDRE/C   n/a            0.500         4.000       3.500      SLICE_X43Y34    led_reg[1]/C



