
*** Running vivado
    with args -log Comb_Sub_Adder.vdi -applog -m64 -product Vivado -messageDb vivado.pb -mode batch -source Comb_Sub_Adder.tcl -notrace


****** Vivado v2018.2.1 (64-bit)
  **** SW Build 2288692 on Thu Jul 26 18:23:50 MDT 2018
  **** IP Build 2289599 on Thu Jul 26 21:09:20 MDT 2018
    ** Copyright 1986-2018 Xilinx, Inc. All Rights Reserved.

source Comb_Sub_Adder.tcl -notrace
Command: link_design -top Comb_Sub_Adder -part xc7z010clg400-1
Design is defaulting to srcset: sources_1
Design is defaulting to constrset: constrs_1
INFO: [Netlist 29-17] Analyzing 9 Unisim elements for replacement
INFO: [Netlist 29-28] Unisim Transformation completed in 0 CPU seconds
INFO: [Project 1-479] Netlist was created with Vivado 2018.2.1
INFO: [Device 21-403] Loading part xc7z010clg400-1
INFO: [Project 1-570] Preparing netlist for logic optimization
Parsing XDC File [/media/bozhao/Storage/Study USN/VHDL/Oppgave/Oppgave intro2/Oppgave 4/Comb_Sub_Adder/Comb_Sub_Adder.srcs/constrs_1/new/Comb_sub_Adder.xdc]
Finished Parsing XDC File [/media/bozhao/Storage/Study USN/VHDL/Oppgave/Oppgave intro2/Oppgave 4/Comb_Sub_Adder/Comb_Sub_Adder.srcs/constrs_1/new/Comb_sub_Adder.xdc]
INFO: [Opt 31-138] Pushed 0 inverter(s) to 0 load pin(s).
INFO: [Project 1-111] Unisim Transformation Summary:
No Unisim elements were transformed.

7 Infos, 0 Warnings, 0 Critical Warnings and 0 Errors encountered.
link_design completed successfully
link_design: Time (s): cpu = 00:00:13 ; elapsed = 00:00:34 . Memory (MB): peak = 1493.809 ; gain = 304.043 ; free physical = 1908 ; free virtual = 6397
Command: opt_design
Attempting to get a license for feature 'Implementation' and/or device 'xc7z010'
INFO: [Common 17-349] Got license for feature 'Implementation' and/or device 'xc7z010'
Running DRC as a precondition to command opt_design

Starting DRC Task
INFO: [DRC 23-27] Running DRC with 8 threads
INFO: [Project 1-461] DRC finished with 0 Errors
INFO: [Project 1-462] Please refer to the DRC report (report_drc) for more information.

Time (s): cpu = 00:00:02 ; elapsed = 00:00:03 . Memory (MB): peak = 1592.840 ; gain = 99.031 ; free physical = 1902 ; free virtual = 6391

Starting Cache Timing Information Task
INFO: [Timing 38-35] Done setting XDC timing constraints.
Ending Cache Timing Information Task | Checksum: 11f66d008

Time (s): cpu = 00:00:15 ; elapsed = 00:00:31 . Memory (MB): peak = 2001.402 ; gain = 408.562 ; free physical = 1536 ; free virtual = 6025

Starting Logic Optimization Task

Phase 1 Retarget
INFO: [Opt 31-138] Pushed 0 inverter(s) to 0 load pin(s).
INFO: [Opt 31-49] Retargeted 0 cell(s).
Phase 1 Retarget | Checksum: 11f66d008

Time (s): cpu = 00:00:00.01 ; elapsed = 00:00:00.02 . Memory (MB): peak = 2001.402 ; gain = 0.000 ; free physical = 1536 ; free virtual = 6025
INFO: [Opt 31-389] Phase Retarget created 0 cells and removed 0 cells

Phase 2 Constant propagation
INFO: [Opt 31-138] Pushed 0 inverter(s) to 0 load pin(s).
Phase 2 Constant propagation | Checksum: 11f66d008

Time (s): cpu = 00:00:00.01 ; elapsed = 00:00:00.02 . Memory (MB): peak = 2001.402 ; gain = 0.000 ; free physical = 1536 ; free virtual = 6025
INFO: [Opt 31-389] Phase Constant propagation created 0 cells and removed 0 cells

Phase 3 Sweep
Phase 3 Sweep | Checksum: 11f66d008

Time (s): cpu = 00:00:00.01 ; elapsed = 00:00:00.03 . Memory (MB): peak = 2001.402 ; gain = 0.000 ; free physical = 1536 ; free virtual = 6025
INFO: [Opt 31-389] Phase Sweep created 0 cells and removed 0 cells

Phase 4 BUFG optimization
Phase 4 BUFG optimization | Checksum: 11f66d008

Time (s): cpu = 00:00:00.02 ; elapsed = 00:00:00.03 . Memory (MB): peak = 2001.402 ; gain = 0.000 ; free physical = 1536 ; free virtual = 6025
INFO: [Opt 31-662] Phase BUFG optimization created 0 cells of which 0 are BUFGs and removed 0 cells.

Phase 5 Shift Register Optimization
Phase 5 Shift Register Optimization | Checksum: 11f66d008

Time (s): cpu = 00:00:00.02 ; elapsed = 00:00:00.03 . Memory (MB): peak = 2001.402 ; gain = 0.000 ; free physical = 1536 ; free virtual = 6025
INFO: [Opt 31-389] Phase Shift Register Optimization created 0 cells and removed 0 cells

Phase 6 Post Processing Netlist
Phase 6 Post Processing Netlist | Checksum: 11f66d008

Time (s): cpu = 00:00:00.02 ; elapsed = 00:00:00.04 . Memory (MB): peak = 2001.402 ; gain = 0.000 ; free physical = 1536 ; free virtual = 6025
INFO: [Opt 31-389] Phase Post Processing Netlist created 0 cells and removed 0 cells

Starting Connectivity Check Task

Time (s): cpu = 00:00:00 ; elapsed = 00:00:00 . Memory (MB): peak = 2001.402 ; gain = 0.000 ; free physical = 1536 ; free virtual = 6025
Ending Logic Optimization Task | Checksum: 11f66d008

Time (s): cpu = 00:00:00.02 ; elapsed = 00:00:00.04 . Memory (MB): peak = 2001.402 ; gain = 0.000 ; free physical = 1536 ; free virtual = 6025

Starting Power Optimization Task
INFO: [Pwropt 34-132] Skipping clock gating for clocks with a period < 2.00 ns.
Ending Power Optimization Task | Checksum: 11f66d008

Time (s): cpu = 00:00:00.01 ; elapsed = 00:00:00.03 . Memory (MB): peak = 2001.402 ; gain = 0.000 ; free physical = 1536 ; free virtual = 6025

Starting Final Cleanup Task
Ending Final Cleanup Task | Checksum: 11f66d008

Time (s): cpu = 00:00:00 ; elapsed = 00:00:00 . Memory (MB): peak = 2001.402 ; gain = 0.000 ; free physical = 1536 ; free virtual = 6025
INFO: [Common 17-83] Releasing license: Implementation
23 Infos, 0 Warnings, 0 Critical Warnings and 0 Errors encountered.
opt_design completed successfully
opt_design: Time (s): cpu = 00:00:17 ; elapsed = 00:00:34 . Memory (MB): peak = 2001.402 ; gain = 507.594 ; free physical = 1536 ; free virtual = 6025
INFO: [Timing 38-480] Writing timing data to binary archive.
Writing placer database...
Writing XDEF routing.
Writing XDEF routing logical nets.
Writing XDEF routing special nets.
Write XDEF Complete: Time (s): cpu = 00:00:00.07 ; elapsed = 00:00:00.05 . Memory (MB): peak = 2033.418 ; gain = 0.000 ; free physical = 1526 ; free virtual = 6018
INFO: [Common 17-1381] The checkpoint '/media/bozhao/Storage/Study USN/VHDL/Oppgave/Oppgave intro2/Oppgave 4/Comb_Sub_Adder/Comb_Sub_Adder.runs/impl_1/Comb_Sub_Adder_opt.dcp' has been generated.
INFO: [runtcl-4] Executing : report_drc -file Comb_Sub_Adder_drc_opted.rpt -pb Comb_Sub_Adder_drc_opted.pb -rpx Comb_Sub_Adder_drc_opted.rpx
Command: report_drc -file Comb_Sub_Adder_drc_opted.rpt -pb Comb_Sub_Adder_drc_opted.pb -rpx Comb_Sub_Adder_drc_opted.rpx
INFO: [IP_Flow 19-234] Refreshing IP repositories
INFO: [IP_Flow 19-1704] No user IP repositories specified
INFO: [IP_Flow 19-2313] Loaded Vivado IP repository '/opt/Xilinx/Vivado/2018.2/data/ip'.
INFO: [DRC 23-27] Running DRC with 8 threads
INFO: [Coretcl 2-168] The results of DRC are in file /media/bozhao/Storage/Study USN/VHDL/Oppgave/Oppgave intro2/Oppgave 4/Comb_Sub_Adder/Comb_Sub_Adder.runs/impl_1/Comb_Sub_Adder_drc_opted.rpt.
report_drc completed successfully
report_drc: Time (s): cpu = 00:00:06 ; elapsed = 00:00:06 . Memory (MB): peak = 2121.461 ; gain = 88.043 ; free physical = 1497 ; free virtual = 5988
Command: place_design
Attempting to get a license for feature 'Implementation' and/or device 'xc7z010'
INFO: [Common 17-349] Got license for feature 'Implementation' and/or device 'xc7z010'
INFO: [DRC 23-27] Running DRC with 8 threads
INFO: [Vivado_Tcl 4-198] DRC finished with 0 Errors
INFO: [Vivado_Tcl 4-199] Please refer to the DRC report (report_drc) for more information.
Running DRC as a precondition to command place_design
INFO: [DRC 23-27] Running DRC with 8 threads
INFO: [Vivado_Tcl 4-198] DRC finished with 0 Errors
INFO: [Vivado_Tcl 4-199] Please refer to the DRC report (report_drc) for more information.

Starting Placer Task
INFO: [Place 30-611] Multithreading enabled for place_design using a maximum of 8 CPUs

Phase 1 Placer Initialization

Phase 1.1 Placer Initialization Netlist Sorting
Netlist sorting complete. Time (s): cpu = 00:00:00 ; elapsed = 00:00:00 . Memory (MB): peak = 2121.461 ; gain = 0.000 ; free physical = 1496 ; free virtual = 5987
Phase 1.1 Placer Initialization Netlist Sorting | Checksum: 528dd999

Time (s): cpu = 00:00:00.01 ; elapsed = 00:00:00.04 . Memory (MB): peak = 2121.461 ; gain = 0.000 ; free physical = 1496 ; free virtual = 5987
Netlist sorting complete. Time (s): cpu = 00:00:00 ; elapsed = 00:00:00 . Memory (MB): peak = 2121.461 ; gain = 0.000 ; free physical = 1496 ; free virtual = 5987

Phase 1.2 IO Placement/ Clock Placement/ Build Placer Device
INFO: [Timing 38-35] Done setting XDC timing constraints.
Phase 1.2 IO Placement/ Clock Placement/ Build Placer Device | Checksum: c2b30b7b

Time (s): cpu = 00:00:00.89 ; elapsed = 00:00:00.56 . Memory (MB): peak = 2121.461 ; gain = 0.000 ; free physical = 1495 ; free virtual = 5986

Phase 1.3 Build Placer Netlist Model
Phase 1.3 Build Placer Netlist Model | Checksum: d6804d41

Time (s): cpu = 00:00:01 ; elapsed = 00:00:00.64 . Memory (MB): peak = 2121.461 ; gain = 0.000 ; free physical = 1494 ; free virtual = 5986

Phase 1.4 Constrain Clocks/Macros
Phase 1.4 Constrain Clocks/Macros | Checksum: d6804d41

Time (s): cpu = 00:00:01 ; elapsed = 00:00:00.65 . Memory (MB): peak = 2121.461 ; gain = 0.000 ; free physical = 1494 ; free virtual = 5986
Phase 1 Placer Initialization | Checksum: d6804d41

Time (s): cpu = 00:00:01 ; elapsed = 00:00:00.65 . Memory (MB): peak = 2121.461 ; gain = 0.000 ; free physical = 1494 ; free virtual = 5986

Phase 2 Global Placement

Phase 2.1 Floorplanning
Phase 2.1 Floorplanning | Checksum: 125d1d0c7

Time (s): cpu = 00:00:02 ; elapsed = 00:00:00.78 . Memory (MB): peak = 2171.105 ; gain = 49.645 ; free physical = 1493 ; free virtual = 5985

Phase 2.2 Physical Synthesis In Placer
INFO: [Physopt 32-65] No nets found for high-fanout optimization.
INFO: [Physopt 32-232] Optimized 0 net. Created 0 new instance.
INFO: [Physopt 32-775] End 1 Pass. Optimized 0 net or cell. Created 0 new cell, deleted 0 existing cell and moved 0 existing cell
Netlist sorting complete. Time (s): cpu = 00:00:00 ; elapsed = 00:00:00 . Memory (MB): peak = 2171.105 ; gain = 0.000 ; free physical = 1488 ; free virtual = 5980

Summary of Physical Synthesis Optimizations
============================================


-----------------------------------------------------------------------------------------------------------------------------
|  Optimization       |  Added Cells  |  Removed Cells  |  Optimized Cells/Nets  |  Dont Touch  |  Iterations  |  Elapsed   |
-----------------------------------------------------------------------------------------------------------------------------
|  Very High Fanout   |            0  |              0  |                     0  |           0  |           1  |  00:00:00  |
|  Total              |            0  |              0  |                     0  |           0  |           1  |  00:00:00  |
-----------------------------------------------------------------------------------------------------------------------------


Phase 2.2 Physical Synthesis In Placer | Checksum: 19a43d13f

Time (s): cpu = 00:00:02 ; elapsed = 00:00:01 . Memory (MB): peak = 2171.105 ; gain = 49.645 ; free physical = 1488 ; free virtual = 5980
Phase 2 Global Placement | Checksum: 173b3c699

Time (s): cpu = 00:00:03 ; elapsed = 00:00:01 . Memory (MB): peak = 2171.105 ; gain = 49.645 ; free physical = 1488 ; free virtual = 5980

Phase 3 Detail Placement

Phase 3.1 Commit Multi Column Macros
Phase 3.1 Commit Multi Column Macros | Checksum: 173b3c699

Time (s): cpu = 00:00:03 ; elapsed = 00:00:01 . Memory (MB): peak = 2171.105 ; gain = 49.645 ; free physical = 1488 ; free virtual = 5980

Phase 3.2 Commit Most Macros & LUTRAMs
Phase 3.2 Commit Most Macros & LUTRAMs | Checksum: e822d478

Time (s): cpu = 00:00:03 ; elapsed = 00:00:01 . Memory (MB): peak = 2171.105 ; gain = 49.645 ; free physical = 1487 ; free virtual = 5979

Phase 3.3 Area Swap Optimization
Phase 3.3 Area Swap Optimization | Checksum: 17a051356

Time (s): cpu = 00:00:03 ; elapsed = 00:00:01 . Memory (MB): peak = 2171.105 ; gain = 49.645 ; free physical = 1487 ; free virtual = 5979

Phase 3.4 Pipeline Register Optimization
Phase 3.4 Pipeline Register Optimization | Checksum: 17a051356

Time (s): cpu = 00:00:03 ; elapsed = 00:00:01 . Memory (MB): peak = 2171.105 ; gain = 49.645 ; free physical = 1487 ; free virtual = 5979

Phase 3.5 Small Shape Detail Placement
Phase 3.5 Small Shape Detail Placement | Checksum: b3953b92

Time (s): cpu = 00:00:03 ; elapsed = 00:00:01 . Memory (MB): peak = 2171.105 ; gain = 49.645 ; free physical = 1486 ; free virtual = 5979

Phase 3.6 Re-assign LUT pins
Phase 3.6 Re-assign LUT pins | Checksum: 19b03adeb

Time (s): cpu = 00:00:03 ; elapsed = 00:00:01 . Memory (MB): peak = 2171.105 ; gain = 49.645 ; free physical = 1486 ; free virtual = 5979

Phase 3.7 Pipeline Register Optimization
Phase 3.7 Pipeline Register Optimization | Checksum: 19b03adeb

Time (s): cpu = 00:00:03 ; elapsed = 00:00:01 . Memory (MB): peak = 2171.105 ; gain = 49.645 ; free physical = 1486 ; free virtual = 5979
Phase 3 Detail Placement | Checksum: 19b03adeb

Time (s): cpu = 00:00:03 ; elapsed = 00:00:01 . Memory (MB): peak = 2171.105 ; gain = 49.645 ; free physical = 1486 ; free virtual = 5979

Phase 4 Post Placement Optimization and Clean-Up

Phase 4.1 Post Commit Optimization
INFO: [Timing 38-35] Done setting XDC timing constraints.

Phase 4.1.1 Post Placement Optimization
Post Placement Optimization Initialization | Checksum: 20bf02c25

Phase 4.1.1.1 BUFG Insertion
INFO: [Place 46-31] BUFG insertion identified 0 candidate nets, 0 success, 0 skipped for placement/routing, 0 skipped for timing, 0 skipped for netlist change reason.
Phase 4.1.1.1 BUFG Insertion | Checksum: 20bf02c25

Time (s): cpu = 00:00:03 ; elapsed = 00:00:01 . Memory (MB): peak = 2171.105 ; gain = 49.645 ; free physical = 1487 ; free virtual = 5979
INFO: [Place 30-746] Post Placement Timing Summary WNS=5.930. For the most accurate timing information please run report_timing.
Phase 4.1.1 Post Placement Optimization | Checksum: 2138c7e0b

Time (s): cpu = 00:00:03 ; elapsed = 00:00:01 . Memory (MB): peak = 2171.105 ; gain = 49.645 ; free physical = 1487 ; free virtual = 5979
Phase 4.1 Post Commit Optimization | Checksum: 2138c7e0b

Time (s): cpu = 00:00:03 ; elapsed = 00:00:01 . Memory (MB): peak = 2171.105 ; gain = 49.645 ; free physical = 1487 ; free virtual = 5979

Phase 4.2 Post Placement Cleanup
Phase 4.2 Post Placement Cleanup | Checksum: 2138c7e0b

Time (s): cpu = 00:00:03 ; elapsed = 00:00:01 . Memory (MB): peak = 2171.105 ; gain = 49.645 ; free physical = 1487 ; free virtual = 5980

Phase 4.3 Placer Reporting
Phase 4.3 Placer Reporting | Checksum: 2138c7e0b

Time (s): cpu = 00:00:03 ; elapsed = 00:00:01 . Memory (MB): peak = 2171.105 ; gain = 49.645 ; free physical = 1487 ; free virtual = 5980

Phase 4.4 Final Placement Cleanup
Phase 4.4 Final Placement Cleanup | Checksum: 24d1c45f9

Time (s): cpu = 00:00:03 ; elapsed = 00:00:01 . Memory (MB): peak = 2171.105 ; gain = 49.645 ; free physical = 1487 ; free virtual = 5980
Phase 4 Post Placement Optimization and Clean-Up | Checksum: 24d1c45f9

Time (s): cpu = 00:00:03 ; elapsed = 00:00:01 . Memory (MB): peak = 2171.105 ; gain = 49.645 ; free physical = 1487 ; free virtual = 5980
Ending Placer Task | Checksum: 1a84ee85c

Time (s): cpu = 00:00:03 ; elapsed = 00:00:01 . Memory (MB): peak = 2171.105 ; gain = 49.645 ; free physical = 1490 ; free virtual = 5982
INFO: [Common 17-83] Releasing license: Implementation
47 Infos, 0 Warnings, 0 Critical Warnings and 0 Errors encountered.
place_design completed successfully
INFO: [Timing 38-480] Writing timing data to binary archive.
Writing placer database...
Writing XDEF routing.
Writing XDEF routing logical nets.
Writing XDEF routing special nets.
Write XDEF Complete: Time (s): cpu = 00:00:00.07 ; elapsed = 00:00:00.05 . Memory (MB): peak = 2171.105 ; gain = 0.000 ; free physical = 1487 ; free virtual = 5982
INFO: [Common 17-1381] The checkpoint '/media/bozhao/Storage/Study USN/VHDL/Oppgave/Oppgave intro2/Oppgave 4/Comb_Sub_Adder/Comb_Sub_Adder.runs/impl_1/Comb_Sub_Adder_placed.dcp' has been generated.
INFO: [runtcl-4] Executing : report_io -file Comb_Sub_Adder_io_placed.rpt
report_io: Time (s): cpu = 00:00:00.22 ; elapsed = 00:00:00.27 . Memory (MB): peak = 2171.105 ; gain = 0.000 ; free physical = 1477 ; free virtual = 5972
INFO: [runtcl-4] Executing : report_utilization -file Comb_Sub_Adder_utilization_placed.rpt -pb Comb_Sub_Adder_utilization_placed.pb
report_utilization: Time (s): cpu = 00:00:00.12 ; elapsed = 00:00:00.17 . Memory (MB): peak = 2171.105 ; gain = 0.000 ; free physical = 1487 ; free virtual = 5982
INFO: [runtcl-4] Executing : report_control_sets -verbose -file Comb_Sub_Adder_control_sets_placed.rpt
report_control_sets: Time (s): cpu = 00:00:00.10 ; elapsed = 00:00:00.14 . Memory (MB): peak = 2171.105 ; gain = 0.000 ; free physical = 1487 ; free virtual = 5981
Command: route_design
Attempting to get a license for feature 'Implementation' and/or device 'xc7z010'
INFO: [Common 17-349] Got license for feature 'Implementation' and/or device 'xc7z010'
Running DRC as a precondition to command route_design
INFO: [DRC 23-27] Running DRC with 8 threads
INFO: [Vivado_Tcl 4-198] DRC finished with 0 Errors
INFO: [Vivado_Tcl 4-199] Please refer to the DRC report (report_drc) for more information.


Starting Routing Task
INFO: [Route 35-254] Multithreading enabled for route_design using a maximum of 8 CPUs
Checksum: PlaceDB: f9004696 ConstDB: 0 ShapeSum: af4ea1c6 RouteDB: 0

Phase 1 Build RT Design
Phase 1 Build RT Design | Checksum: 12f5302e9

Time (s): cpu = 00:00:14 ; elapsed = 00:00:12 . Memory (MB): peak = 2171.105 ; gain = 0.000 ; free physical = 1404 ; free virtual = 5899
Post Restoration Checksum: NetGraph: fb1c8541 NumContArr: 34367da8 Constraints: 0 Timing: 0

Phase 2 Router Initialization

Phase 2.1 Create Timer
Phase 2.1 Create Timer | Checksum: 12f5302e9

Time (s): cpu = 00:00:14 ; elapsed = 00:00:12 . Memory (MB): peak = 2171.105 ; gain = 0.000 ; free physical = 1404 ; free virtual = 5899

Phase 2.2 Fix Topology Constraints
Phase 2.2 Fix Topology Constraints | Checksum: 12f5302e9

Time (s): cpu = 00:00:14 ; elapsed = 00:00:12 . Memory (MB): peak = 2171.105 ; gain = 0.000 ; free physical = 1374 ; free virtual = 5869

Phase 2.3 Pre Route Cleanup
Phase 2.3 Pre Route Cleanup | Checksum: 12f5302e9

Time (s): cpu = 00:00:14 ; elapsed = 00:00:12 . Memory (MB): peak = 2171.105 ; gain = 0.000 ; free physical = 1374 ; free virtual = 5869
 Number of Nodes with overlaps = 0

Phase 2.4 Update Timing
Phase 2.4 Update Timing | Checksum: 16f49f433

Time (s): cpu = 00:00:14 ; elapsed = 00:00:12 . Memory (MB): peak = 2171.105 ; gain = 0.000 ; free physical = 1371 ; free virtual = 5866
INFO: [Route 35-416] Intermediate Timing Summary | WNS=5.811  | TNS=0.000  | WHS=-0.017 | THS=-0.017 |

Phase 2 Router Initialization | Checksum: 1a8af1ec8

Time (s): cpu = 00:00:14 ; elapsed = 00:00:12 . Memory (MB): peak = 2171.105 ; gain = 0.000 ; free physical = 1371 ; free virtual = 5866

Phase 3 Initial Routing
Phase 3 Initial Routing | Checksum: 1c4164314

Time (s): cpu = 00:00:14 ; elapsed = 00:00:12 . Memory (MB): peak = 2171.105 ; gain = 0.000 ; free physical = 1372 ; free virtual = 5867

Phase 4 Rip-up And Reroute

Phase 4.1 Global Iteration 0
 Number of Nodes with overlaps = 0
INFO: [Route 35-416] Intermediate Timing Summary | WNS=5.689  | TNS=0.000  | WHS=N/A    | THS=N/A    |

Phase 4.1 Global Iteration 0 | Checksum: 1432c976f

Time (s): cpu = 00:00:14 ; elapsed = 00:00:12 . Memory (MB): peak = 2171.105 ; gain = 0.000 ; free physical = 1372 ; free virtual = 5867
Phase 4 Rip-up And Reroute | Checksum: 1432c976f

Time (s): cpu = 00:00:14 ; elapsed = 00:00:12 . Memory (MB): peak = 2171.105 ; gain = 0.000 ; free physical = 1372 ; free virtual = 5867

Phase 5 Delay and Skew Optimization

Phase 5.1 Delay CleanUp
Phase 5.1 Delay CleanUp | Checksum: 1432c976f

Time (s): cpu = 00:00:14 ; elapsed = 00:00:12 . Memory (MB): peak = 2171.105 ; gain = 0.000 ; free physical = 1372 ; free virtual = 5867

Phase 5.2 Clock Skew Optimization
Phase 5.2 Clock Skew Optimization | Checksum: 1432c976f

Time (s): cpu = 00:00:14 ; elapsed = 00:00:12 . Memory (MB): peak = 2171.105 ; gain = 0.000 ; free physical = 1372 ; free virtual = 5867
Phase 5 Delay and Skew Optimization | Checksum: 1432c976f

Time (s): cpu = 00:00:14 ; elapsed = 00:00:12 . Memory (MB): peak = 2171.105 ; gain = 0.000 ; free physical = 1372 ; free virtual = 5867

Phase 6 Post Hold Fix

Phase 6.1 Hold Fix Iter

Phase 6.1.1 Update Timing
Phase 6.1.1 Update Timing | Checksum: 1a6b3d482

Time (s): cpu = 00:00:14 ; elapsed = 00:00:12 . Memory (MB): peak = 2171.105 ; gain = 0.000 ; free physical = 1372 ; free virtual = 5867
INFO: [Route 35-416] Intermediate Timing Summary | WNS=5.842  | TNS=0.000  | WHS=0.309  | THS=0.000  |

Phase 6.1 Hold Fix Iter | Checksum: 1a6b3d482

Time (s): cpu = 00:00:14 ; elapsed = 00:00:12 . Memory (MB): peak = 2171.105 ; gain = 0.000 ; free physical = 1372 ; free virtual = 5867
Phase 6 Post Hold Fix | Checksum: 1a6b3d482

Time (s): cpu = 00:00:14 ; elapsed = 00:00:12 . Memory (MB): peak = 2171.105 ; gain = 0.000 ; free physical = 1372 ; free virtual = 5867

Phase 7 Route finalize

Router Utilization Summary
  Global Vertical Routing Utilization    = 0.0498311 %
  Global Horizontal Routing Utilization  = 0.00689338 %
  Routable Net Status*
  *Does not include unroutable nets such as driverless and loadless.
  Run report_route_status for detailed report.
  Number of Failed Nets               = 0
  Number of Unrouted Nets             = 0
  Number of Partially Routed Nets     = 0
  Number of Node Overlaps             = 0

Phase 7 Route finalize | Checksum: 1a6b3d482

Time (s): cpu = 00:00:14 ; elapsed = 00:00:12 . Memory (MB): peak = 2171.105 ; gain = 0.000 ; free physical = 1372 ; free virtual = 5867

Phase 8 Verifying routed nets

 Verification completed successfully
Phase 8 Verifying routed nets | Checksum: 1a6b3d482

Time (s): cpu = 00:00:14 ; elapsed = 00:00:12 . Memory (MB): peak = 2171.105 ; gain = 0.000 ; free physical = 1372 ; free virtual = 5867

Phase 9 Depositing Routes
Phase 9 Depositing Routes | Checksum: 15876949f

Time (s): cpu = 00:00:14 ; elapsed = 00:00:12 . Memory (MB): peak = 2171.105 ; gain = 0.000 ; free physical = 1372 ; free virtual = 5867

Phase 10 Post Router Timing
INFO: [Route 35-57] Estimated Timing Summary | WNS=5.842  | TNS=0.000  | WHS=0.309  | THS=0.000  |

INFO: [Route 35-327] The final timing numbers are based on the router estimated timing analysis. For a complete and accurate timing signoff, please run report_timing_summary.
Phase 10 Post Router Timing | Checksum: 15876949f

Time (s): cpu = 00:00:14 ; elapsed = 00:00:12 . Memory (MB): peak = 2171.105 ; gain = 0.000 ; free physical = 1373 ; free virtual = 5868
INFO: [Route 35-16] Router Completed Successfully

Time (s): cpu = 00:00:14 ; elapsed = 00:00:12 . Memory (MB): peak = 2171.105 ; gain = 0.000 ; free physical = 1401 ; free virtual = 5896

Routing Is Done.
INFO: [Common 17-83] Releasing license: Implementation
64 Infos, 0 Warnings, 0 Critical Warnings and 0 Errors encountered.
route_design completed successfully
route_design: Time (s): cpu = 00:00:18 ; elapsed = 00:00:16 . Memory (MB): peak = 2171.105 ; gain = 0.000 ; free physical = 1400 ; free virtual = 5896
INFO: [Timing 38-480] Writing timing data to binary archive.
Writing placer database...
Writing XDEF routing.
Writing XDEF routing logical nets.
Writing XDEF routing special nets.
Write XDEF Complete: Time (s): cpu = 00:00:00.06 ; elapsed = 00:00:00.04 . Memory (MB): peak = 2171.105 ; gain = 0.000 ; free physical = 1397 ; free virtual = 5895
INFO: [Common 17-1381] The checkpoint '/media/bozhao/Storage/Study USN/VHDL/Oppgave/Oppgave intro2/Oppgave 4/Comb_Sub_Adder/Comb_Sub_Adder.runs/impl_1/Comb_Sub_Adder_routed.dcp' has been generated.
INFO: [runtcl-4] Executing : report_drc -file Comb_Sub_Adder_drc_routed.rpt -pb Comb_Sub_Adder_drc_routed.pb -rpx Comb_Sub_Adder_drc_routed.rpx
Command: report_drc -file Comb_Sub_Adder_drc_routed.rpt -pb Comb_Sub_Adder_drc_routed.pb -rpx Comb_Sub_Adder_drc_routed.rpx
INFO: [DRC 23-27] Running DRC with 8 threads
INFO: [Coretcl 2-168] The results of DRC are in file /media/bozhao/Storage/Study USN/VHDL/Oppgave/Oppgave intro2/Oppgave 4/Comb_Sub_Adder/Comb_Sub_Adder.runs/impl_1/Comb_Sub_Adder_drc_routed.rpt.
report_drc completed successfully
INFO: [runtcl-4] Executing : report_methodology -file Comb_Sub_Adder_methodology_drc_routed.rpt -pb Comb_Sub_Adder_methodology_drc_routed.pb -rpx Comb_Sub_Adder_methodology_drc_routed.rpx
Command: report_methodology -file Comb_Sub_Adder_methodology_drc_routed.rpt -pb Comb_Sub_Adder_methodology_drc_routed.pb -rpx Comb_Sub_Adder_methodology_drc_routed.rpx
INFO: [Timing 38-35] Done setting XDC timing constraints.
INFO: [Timing 38-35] Done setting XDC timing constraints.
INFO: [DRC 23-133] Running Methodology with 8 threads
INFO: [Coretcl 2-1520] The results of Report Methodology are in file /media/bozhao/Storage/Study USN/VHDL/Oppgave/Oppgave intro2/Oppgave 4/Comb_Sub_Adder/Comb_Sub_Adder.runs/impl_1/Comb_Sub_Adder_methodology_drc_routed.rpt.
report_methodology completed successfully
INFO: [runtcl-4] Executing : report_power -file Comb_Sub_Adder_power_routed.rpt -pb Comb_Sub_Adder_power_summary_routed.pb -rpx Comb_Sub_Adder_power_routed.rpx
Command: report_power -file Comb_Sub_Adder_power_routed.rpt -pb Comb_Sub_Adder_power_summary_routed.pb -rpx Comb_Sub_Adder_power_routed.rpx
INFO: [Timing 38-35] Done setting XDC timing constraints.
Running Vector-less Activity Propagation...

Finished Running Vector-less Activity Propagation
76 Infos, 0 Warnings, 0 Critical Warnings and 0 Errors encountered.
report_power completed successfully
INFO: [runtcl-4] Executing : report_route_status -file Comb_Sub_Adder_route_status.rpt -pb Comb_Sub_Adder_route_status.pb
INFO: [runtcl-4] Executing : report_timing_summary -max_paths 10 -file Comb_Sub_Adder_timing_summary_routed.rpt -pb Comb_Sub_Adder_timing_summary_routed.pb -rpx Comb_Sub_Adder_timing_summary_routed.rpx -warn_on_violation 
INFO: [Timing 38-91] UpdateTimingParams: Speed grade: -1, Delay Type: min_max, Timing Stage: Requireds.
INFO: [Timing 38-191] Multithreading enabled for timing update using a maximum of 8 CPUs
INFO: [runtcl-4] Executing : report_incremental_reuse -file Comb_Sub_Adder_incremental_reuse_routed.rpt
INFO: [Vivado_Tcl 4-545] No incremental reuse to report, no incremental placement and routing data was found.
INFO: [runtcl-4] Executing : report_clock_utilization -file Comb_Sub_Adder_clock_utilization_routed.rpt
INFO: [runtcl-4] Executing : report_bus_skew -warn_on_violation -file Comb_Sub_Adder_bus_skew_routed.rpt -pb Comb_Sub_Adder_bus_skew_routed.pb -rpx Comb_Sub_Adder_bus_skew_routed.rpx
INFO: [Timing 38-91] UpdateTimingParams: Speed grade: -1, Delay Type: min_max, Timing Stage: Requireds.
INFO: [Timing 38-191] Multithreading enabled for timing update using a maximum of 8 CPUs
INFO: [Common 17-206] Exiting Vivado at Wed Aug 22 11:47:41 2018...

*** Running vivado
    with args -log Comb_Sub_Adder.vdi -applog -m64 -product Vivado -messageDb vivado.pb -mode batch -source Comb_Sub_Adder.tcl -notrace


****** Vivado v2018.2.1 (64-bit)
  **** SW Build 2288692 on Thu Jul 26 18:23:50 MDT 2018
  **** IP Build 2289599 on Thu Jul 26 21:09:20 MDT 2018
    ** Copyright 1986-2018 Xilinx, Inc. All Rights Reserved.

source Comb_Sub_Adder.tcl -notrace
Command: open_checkpoint Comb_Sub_Adder_routed.dcp

Starting open_checkpoint Task

Time (s): cpu = 00:00:00.08 ; elapsed = 00:00:00.15 . Memory (MB): peak = 1187.750 ; gain = 0.000 ; free physical = 2174 ; free virtual = 6675
INFO: [Netlist 29-17] Analyzing 9 Unisim elements for replacement
INFO: [Netlist 29-28] Unisim Transformation completed in 0 CPU seconds
INFO: [Project 1-479] Netlist was created with Vivado 2018.2.1
INFO: [Device 21-403] Loading part xc7z010clg400-1
INFO: [Project 1-570] Preparing netlist for logic optimization
INFO: [Timing 38-478] Restoring timing data from binary archive.
INFO: [Timing 38-479] Binary timing data restore complete.
INFO: [Project 1-856] Restoring constraints from binary archive.
INFO: [Project 1-853] Binary constraint restore complete.
Reading XDEF placement.
Reading placer database...
Reading XDEF routing.
Read XDEF File: Time (s): cpu = 00:00:00.13 ; elapsed = 00:00:00.21 . Memory (MB): peak = 1901.523 ; gain = 0.000 ; free physical = 1515 ; free virtual = 6021
Restored from archive | CPU: 0.210000 secs | Memory: 0.950676 MB |
Finished XDEF File Restore: Time (s): cpu = 00:00:00.13 ; elapsed = 00:00:00.21 . Memory (MB): peak = 1901.523 ; gain = 0.000 ; free physical = 1515 ; free virtual = 6021
INFO: [Project 1-111] Unisim Transformation Summary:
No Unisim elements were transformed.

INFO: [Project 1-604] Checkpoint was created with Vivado v2018.2.1 (64-bit) build 2288692
open_checkpoint: Time (s): cpu = 00:00:31 ; elapsed = 00:01:10 . Memory (MB): peak = 1901.523 ; gain = 713.773 ; free physical = 1515 ; free virtual = 6021
Command: write_bitstream -force Comb_Sub_Adder.bit
Attempting to get a license for feature 'Implementation' and/or device 'xc7z010'
INFO: [Common 17-349] Got license for feature 'Implementation' and/or device 'xc7z010'
Running DRC as a precondition to command write_bitstream
INFO: [IP_Flow 19-234] Refreshing IP repositories
INFO: [IP_Flow 19-1704] No user IP repositories specified
INFO: [IP_Flow 19-2313] Loaded Vivado IP repository '/opt/Xilinx/Vivado/2018.2/data/ip'.
INFO: [DRC 23-27] Running DRC with 8 threads
WARNING: [DRC ZPS7-1] PS7 block required: The PS7 cell must be used in this Zynq design in order to enable correct default configuration.
INFO: [Vivado 12-3199] DRC finished with 0 Errors, 1 Warnings
INFO: [Vivado 12-3200] Please refer to the DRC report (report_drc) for more information.
INFO: [Designutils 20-2272] Running write_bitstream with 8 threads.
Loading data files...
Loading site data...
Loading route data...
Processing options...
Creating bitmap...
Creating bitstream...
Writing bitstream ./Comb_Sub_Adder.bit...
INFO: [Vivado 12-1842] Bitgen Completed Successfully.
INFO: [Project 1-120] WebTalk data collection is mandatory when using a WebPACK part without a full Vivado license. To see the specific WebTalk data collected for your design, open the usage_statistics_webtalk.html or usage_statistics_webtalk.xml file in the implementation directory.
sh: 1: cannot create /media/bozhao/Storage/Study: Is a directory
INFO: [Common 17-186] '/media/bozhao/Storage/Study USN/VHDL/Oppgave/Oppgave intro2/Oppgave 4/Comb_Sub_Adder/Comb_Sub_Adder.runs/impl_1/usage_statistics_webtalk.xml' has been successfully sent to Xilinx on Wed Aug 22 11:49:28 2018. For additional details about this file, please refer to the WebTalk help file at /opt/Xilinx/Vivado/2018.2/doc/webtalk_introduction.html.
INFO: [Common 17-83] Releasing license: Implementation
23 Infos, 1 Warnings, 0 Critical Warnings and 0 Errors encountered.
write_bitstream completed successfully
write_bitstream: Time (s): cpu = 00:00:13 ; elapsed = 00:00:21 . Memory (MB): peak = 2357.504 ; gain = 455.980 ; free physical = 1455 ; free virtual = 5966
INFO: [Common 17-206] Exiting Vivado at Wed Aug 22 11:49:28 2018...
