Copyright 1986-2018 Xilinx, Inc. All Rights Reserved.
-----------------------------------------------------------------------------------------------------------------------------------------------------------------------------------------------------
| Tool Version : Vivado v.2018.2.1 (lin64) Build 2288692 Thu Jul 26 18:23:50 MDT 2018
| Date         : Wed Aug 22 08:38:04 2018
| Host         : bozhao-Lenovo-V480 running 64-bit Ubuntu 18.04.1 LTS
| Command      : report_methodology -file Three_bit_subtractor2_methodology_drc_routed.rpt -pb Three_bit_subtractor2_methodology_drc_routed.pb -rpx Three_bit_subtractor2_methodology_drc_routed.rpx
| Design       : Three_bit_subtractor2
| Device       : xc7z010clg400-1
| Speed File   : -1
| Design State : Routed
-----------------------------------------------------------------------------------------------------------------------------------------------------------------------------------------------------

Report Methodology

Table of Contents
-----------------
1. REPORT SUMMARY
2. REPORT DETAILS

1. REPORT SUMMARY
-----------------
            Netlist: netlist
          Floorplan: design_1
      Design limits: <entire design considered>
             Max violations: <unlimited>
             Violations found: 0
+------+----------+-------------+------------+
| Rule | Severity | Description | Violations |
+------+----------+-------------+------------+
+------+----------+-------------+------------+

2. REPORT DETAILS
-----------------

