
*** Running vivado
    with args -log Three_bit_subtrator.vdi -applog -m64 -product Vivado -messageDb vivado.pb -mode batch -source Three_bit_subtrator.tcl -notrace


****** Vivado v2018.2.1 (64-bit)
  **** SW Build 2288692 on Thu Jul 26 18:23:50 MDT 2018
  **** IP Build 2289599 on Thu Jul 26 21:09:20 MDT 2018
    ** Copyright 1986-2018 Xilinx, Inc. All Rights Reserved.

source Three_bit_subtrator.tcl -notrace
Command: link_design -top Three_bit_subtrator -part xc7z010clg400-1
Design is defaulting to srcset: sources_1
Design is defaulting to constrset: constrs_1
INFO: [Netlist 29-17] Analyzing 6 Unisim elements for replacement
INFO: [Netlist 29-28] Unisim Transformation completed in 0 CPU seconds
INFO: [Project 1-479] Netlist was created with Vivado 2018.2.1
INFO: [Device 21-403] Loading part xc7z010clg400-1
INFO: [Project 1-570] Preparing netlist for logic optimization
Parsing XDC File [/media/bozhao/Storage/Study USN/VHDL/Oppgave/Oppgave intro2/Oppgave 2/Three_bit_subtractor/Three_bit_subtractor.srcs/constrs_1/new/Three_bit_subtractor.xdc]
Finished Parsing XDC File [/media/bozhao/Storage/Study USN/VHDL/Oppgave/Oppgave intro2/Oppgave 2/Three_bit_subtractor/Three_bit_subtractor.srcs/constrs_1/new/Three_bit_subtractor.xdc]
INFO: [Opt 31-138] Pushed 0 inverter(s) to 0 load pin(s).
INFO: [Project 1-111] Unisim Transformation Summary:
No Unisim elements were transformed.

7 Infos, 0 Warnings, 0 Critical Warnings and 0 Errors encountered.
link_design completed successfully
link_design: Time (s): cpu = 00:00:12 ; elapsed = 00:00:31 . Memory (MB): peak = 1429.777 ; gain = 240.016 ; free physical = 2674 ; free virtual = 6750
Command: opt_design
Attempting to get a license for feature 'Implementation' and/or device 'xc7z010'
INFO: [Common 17-349] Got license for feature 'Implementation' and/or device 'xc7z010'
Running DRC as a precondition to command opt_design

Starting DRC Task
INFO: [DRC 23-27] Running DRC with 8 threads
INFO: [Project 1-461] DRC finished with 0 Errors
INFO: [Project 1-462] Please refer to the DRC report (report_drc) for more information.

Time (s): cpu = 00:00:00.21 ; elapsed = 00:00:00.30 . Memory (MB): peak = 1494.809 ; gain = 65.031 ; free physical = 2672 ; free virtual = 6748

Starting Cache Timing Information Task
INFO: [Timing 38-35] Done setting XDC timing constraints.
Ending Cache Timing Information Task | Checksum: 154fd3299

Time (s): cpu = 00:00:14 ; elapsed = 00:00:28 . Memory (MB): peak = 1924.371 ; gain = 429.562 ; free physical = 2302 ; free virtual = 6377

Starting Logic Optimization Task

Phase 1 Retarget
INFO: [Opt 31-138] Pushed 0 inverter(s) to 0 load pin(s).
INFO: [Opt 31-49] Retargeted 0 cell(s).
Phase 1 Retarget | Checksum: 154fd3299

Time (s): cpu = 00:00:00.01 ; elapsed = 00:00:00.02 . Memory (MB): peak = 1924.371 ; gain = 0.000 ; free physical = 2302 ; free virtual = 6377
INFO: [Opt 31-389] Phase Retarget created 0 cells and removed 0 cells

Phase 2 Constant propagation
INFO: [Opt 31-138] Pushed 0 inverter(s) to 0 load pin(s).
Phase 2 Constant propagation | Checksum: 154fd3299

Time (s): cpu = 00:00:00.02 ; elapsed = 00:00:00.02 . Memory (MB): peak = 1924.371 ; gain = 0.000 ; free physical = 2302 ; free virtual = 6377
INFO: [Opt 31-389] Phase Constant propagation created 0 cells and removed 0 cells

Phase 3 Sweep
Phase 3 Sweep | Checksum: 154fd3299

Time (s): cpu = 00:00:00.02 ; elapsed = 00:00:00.02 . Memory (MB): peak = 1924.371 ; gain = 0.000 ; free physical = 2302 ; free virtual = 6377
INFO: [Opt 31-389] Phase Sweep created 0 cells and removed 0 cells

Phase 4 BUFG optimization
Phase 4 BUFG optimization | Checksum: 154fd3299

Time (s): cpu = 00:00:00.02 ; elapsed = 00:00:00.02 . Memory (MB): peak = 1924.371 ; gain = 0.000 ; free physical = 2302 ; free virtual = 6377
INFO: [Opt 31-662] Phase BUFG optimization created 0 cells of which 0 are BUFGs and removed 0 cells.

Phase 5 Shift Register Optimization
Phase 5 Shift Register Optimization | Checksum: 154fd3299

Time (s): cpu = 00:00:00.02 ; elapsed = 00:00:00.03 . Memory (MB): peak = 1924.371 ; gain = 0.000 ; free physical = 2302 ; free virtual = 6377
INFO: [Opt 31-389] Phase Shift Register Optimization created 0 cells and removed 0 cells

Phase 6 Post Processing Netlist
Phase 6 Post Processing Netlist | Checksum: 154fd3299

Time (s): cpu = 00:00:00.02 ; elapsed = 00:00:00.03 . Memory (MB): peak = 1924.371 ; gain = 0.000 ; free physical = 2302 ; free virtual = 6377
INFO: [Opt 31-389] Phase Post Processing Netlist created 0 cells and removed 0 cells

Starting Connectivity Check Task

Time (s): cpu = 00:00:00 ; elapsed = 00:00:00 . Memory (MB): peak = 1924.371 ; gain = 0.000 ; free physical = 2302 ; free virtual = 6377
Ending Logic Optimization Task | Checksum: 154fd3299

Time (s): cpu = 00:00:00.02 ; elapsed = 00:00:00.03 . Memory (MB): peak = 1924.371 ; gain = 0.000 ; free physical = 2302 ; free virtual = 6377

Starting Power Optimization Task
INFO: [Pwropt 34-132] Skipping clock gating for clocks with a period < 2.00 ns.
Ending Power Optimization Task | Checksum: 154fd3299

Time (s): cpu = 00:00:00.02 ; elapsed = 00:00:00.02 . Memory (MB): peak = 1924.371 ; gain = 0.000 ; free physical = 2302 ; free virtual = 6377

Starting Final Cleanup Task
Ending Final Cleanup Task | Checksum: 154fd3299

Time (s): cpu = 00:00:00 ; elapsed = 00:00:00 . Memory (MB): peak = 1924.371 ; gain = 0.000 ; free physical = 2302 ; free virtual = 6377
INFO: [Common 17-83] Releasing license: Implementation
23 Infos, 0 Warnings, 0 Critical Warnings and 0 Errors encountered.
opt_design completed successfully
opt_design: Time (s): cpu = 00:00:14 ; elapsed = 00:00:29 . Memory (MB): peak = 1924.371 ; gain = 494.594 ; free physical = 2302 ; free virtual = 6377
INFO: [Timing 38-480] Writing timing data to binary archive.
Writing placer database...
Writing XDEF routing.
Writing XDEF routing logical nets.
Writing XDEF routing special nets.
Write XDEF Complete: Time (s): cpu = 00:00:00.05 ; elapsed = 00:00:00.04 . Memory (MB): peak = 1956.387 ; gain = 0.000 ; free physical = 2293 ; free virtual = 6371
INFO: [Common 17-1381] The checkpoint '/media/bozhao/Storage/Study USN/VHDL/Oppgave/Oppgave intro2/Oppgave 2/Three_bit_subtractor/Three_bit_subtractor.runs/impl_1/Three_bit_subtrator_opt.dcp' has been generated.
INFO: [runtcl-4] Executing : report_drc -file Three_bit_subtrator_drc_opted.rpt -pb Three_bit_subtrator_drc_opted.pb -rpx Three_bit_subtrator_drc_opted.rpx
Command: report_drc -file Three_bit_subtrator_drc_opted.rpt -pb Three_bit_subtrator_drc_opted.pb -rpx Three_bit_subtrator_drc_opted.rpx
INFO: [IP_Flow 19-234] Refreshing IP repositories
INFO: [IP_Flow 19-1704] No user IP repositories specified
INFO: [IP_Flow 19-2313] Loaded Vivado IP repository '/opt/Xilinx/Vivado/2018.2/data/ip'.
INFO: [DRC 23-27] Running DRC with 8 threads
INFO: [Coretcl 2-168] The results of DRC are in file /media/bozhao/Storage/Study USN/VHDL/Oppgave/Oppgave intro2/Oppgave 2/Three_bit_subtractor/Three_bit_subtractor.runs/impl_1/Three_bit_subtrator_drc_opted.rpt.
report_drc completed successfully
Command: place_design
Attempting to get a license for feature 'Implementation' and/or device 'xc7z010'
INFO: [Common 17-349] Got license for feature 'Implementation' and/or device 'xc7z010'
INFO: [DRC 23-27] Running DRC with 8 threads
INFO: [Vivado_Tcl 4-198] DRC finished with 0 Errors
INFO: [Vivado_Tcl 4-199] Please refer to the DRC report (report_drc) for more information.
Running DRC as a precondition to command place_design
INFO: [DRC 23-27] Running DRC with 8 threads
INFO: [Vivado_Tcl 4-198] DRC finished with 0 Errors
INFO: [Vivado_Tcl 4-199] Please refer to the DRC report (report_drc) for more information.

Starting Placer Task
INFO: [Place 30-611] Multithreading enabled for place_design using a maximum of 8 CPUs

Phase 1 Placer Initialization

Phase 1.1 Placer Initialization Netlist Sorting
Netlist sorting complete. Time (s): cpu = 00:00:00 ; elapsed = 00:00:00 . Memory (MB): peak = 2036.426 ; gain = 0.000 ; free physical = 2265 ; free virtual = 6342
Phase 1.1 Placer Initialization Netlist Sorting | Checksum: 11b4a5d68

Time (s): cpu = 00:00:00 ; elapsed = 00:00:00.03 . Memory (MB): peak = 2036.426 ; gain = 0.000 ; free physical = 2265 ; free virtual = 6342
Netlist sorting complete. Time (s): cpu = 00:00:00 ; elapsed = 00:00:00 . Memory (MB): peak = 2036.426 ; gain = 0.000 ; free physical = 2265 ; free virtual = 6342

Phase 1.2 IO Placement/ Clock Placement/ Build Placer Device
INFO: [Timing 38-35] Done setting XDC timing constraints.
Phase 1.2 IO Placement/ Clock Placement/ Build Placer Device | Checksum: 11b4a5d68

Time (s): cpu = 00:00:00.30 ; elapsed = 00:00:00.29 . Memory (MB): peak = 2036.426 ; gain = 0.000 ; free physical = 2264 ; free virtual = 6341

Phase 1.3 Build Placer Netlist Model
Phase 1.3 Build Placer Netlist Model | Checksum: 15310e96a

Time (s): cpu = 00:00:00.35 ; elapsed = 00:00:00.31 . Memory (MB): peak = 2036.426 ; gain = 0.000 ; free physical = 2264 ; free virtual = 6341

Phase 1.4 Constrain Clocks/Macros
Phase 1.4 Constrain Clocks/Macros | Checksum: 15310e96a

Time (s): cpu = 00:00:00.35 ; elapsed = 00:00:00.31 . Memory (MB): peak = 2036.426 ; gain = 0.000 ; free physical = 2264 ; free virtual = 6341
Phase 1 Placer Initialization | Checksum: 15310e96a

Time (s): cpu = 00:00:00.35 ; elapsed = 00:00:00.31 . Memory (MB): peak = 2036.426 ; gain = 0.000 ; free physical = 2263 ; free virtual = 6341

Phase 2 Global Placement

Phase 2.1 Floorplanning
Phase 2.1 Floorplanning | Checksum: 15310e96a

Time (s): cpu = 00:00:00.37 ; elapsed = 00:00:00.33 . Memory (MB): peak = 2036.426 ; gain = 0.000 ; free physical = 2263 ; free virtual = 6341
WARNING: [Place 46-29] place_design is not in timing mode. Skip physical synthesis in placer
Phase 2 Global Placement | Checksum: 1428e4eba

Time (s): cpu = 00:00:00.99 ; elapsed = 00:00:00.48 . Memory (MB): peak = 2137.469 ; gain = 101.043 ; free physical = 2257 ; free virtual = 6335

Phase 3 Detail Placement

Phase 3.1 Commit Multi Column Macros
Phase 3.1 Commit Multi Column Macros | Checksum: 1428e4eba

Time (s): cpu = 00:00:01 ; elapsed = 00:00:00.49 . Memory (MB): peak = 2137.469 ; gain = 101.043 ; free physical = 2257 ; free virtual = 6335

Phase 3.2 Commit Most Macros & LUTRAMs
Phase 3.2 Commit Most Macros & LUTRAMs | Checksum: 1f34d96b0

Time (s): cpu = 00:00:01 ; elapsed = 00:00:00.50 . Memory (MB): peak = 2137.469 ; gain = 101.043 ; free physical = 2258 ; free virtual = 6335

Phase 3.3 Area Swap Optimization
Phase 3.3 Area Swap Optimization | Checksum: 1db88e658

Time (s): cpu = 00:00:01 ; elapsed = 00:00:00.50 . Memory (MB): peak = 2137.469 ; gain = 101.043 ; free physical = 2258 ; free virtual = 6335

Phase 3.4 Pipeline Register Optimization
Phase 3.4 Pipeline Register Optimization | Checksum: 1db88e658

Time (s): cpu = 00:00:01 ; elapsed = 00:00:00.50 . Memory (MB): peak = 2137.469 ; gain = 101.043 ; free physical = 2258 ; free virtual = 6335

Phase 3.5 Small Shape Detail Placement
Phase 3.5 Small Shape Detail Placement | Checksum: 12b790a9d

Time (s): cpu = 00:00:01 ; elapsed = 00:00:00.57 . Memory (MB): peak = 2137.469 ; gain = 101.043 ; free physical = 2257 ; free virtual = 6334

Phase 3.6 Re-assign LUT pins
Phase 3.6 Re-assign LUT pins | Checksum: 12b790a9d

Time (s): cpu = 00:00:01 ; elapsed = 00:00:00.57 . Memory (MB): peak = 2137.469 ; gain = 101.043 ; free physical = 2257 ; free virtual = 6334

Phase 3.7 Pipeline Register Optimization
Phase 3.7 Pipeline Register Optimization | Checksum: 12b790a9d

Time (s): cpu = 00:00:01 ; elapsed = 00:00:00.57 . Memory (MB): peak = 2137.469 ; gain = 101.043 ; free physical = 2257 ; free virtual = 6334
Phase 3 Detail Placement | Checksum: 12b790a9d

Time (s): cpu = 00:00:01 ; elapsed = 00:00:00.57 . Memory (MB): peak = 2137.469 ; gain = 101.043 ; free physical = 2257 ; free virtual = 6335

Phase 4 Post Placement Optimization and Clean-Up

Phase 4.1 Post Commit Optimization
Phase 4.1 Post Commit Optimization | Checksum: 12b790a9d

Time (s): cpu = 00:00:01 ; elapsed = 00:00:00.57 . Memory (MB): peak = 2137.469 ; gain = 101.043 ; free physical = 2257 ; free virtual = 6335

Phase 4.2 Post Placement Cleanup
Phase 4.2 Post Placement Cleanup | Checksum: 12b790a9d

Time (s): cpu = 00:00:01 ; elapsed = 00:00:00.57 . Memory (MB): peak = 2137.469 ; gain = 101.043 ; free physical = 2258 ; free virtual = 6335

Phase 4.3 Placer Reporting
Phase 4.3 Placer Reporting | Checksum: 12b790a9d

Time (s): cpu = 00:00:01 ; elapsed = 00:00:00.58 . Memory (MB): peak = 2137.469 ; gain = 101.043 ; free physical = 2258 ; free virtual = 6335

Phase 4.4 Final Placement Cleanup
Phase 4.4 Final Placement Cleanup | Checksum: 12b790a9d

Time (s): cpu = 00:00:01 ; elapsed = 00:00:00.58 . Memory (MB): peak = 2137.469 ; gain = 101.043 ; free physical = 2258 ; free virtual = 6335
Phase 4 Post Placement Optimization and Clean-Up | Checksum: 12b790a9d

Time (s): cpu = 00:00:01 ; elapsed = 00:00:00.58 . Memory (MB): peak = 2137.469 ; gain = 101.043 ; free physical = 2258 ; free virtual = 6335
Ending Placer Task | Checksum: fbfd0623

Time (s): cpu = 00:00:01 ; elapsed = 00:00:00.58 . Memory (MB): peak = 2137.469 ; gain = 101.043 ; free physical = 2261 ; free virtual = 6338
INFO: [Common 17-83] Releasing license: Implementation
41 Infos, 1 Warnings, 0 Critical Warnings and 0 Errors encountered.
place_design completed successfully
INFO: [Timing 38-480] Writing timing data to binary archive.
Writing placer database...
Writing XDEF routing.
Writing XDEF routing logical nets.
Writing XDEF routing special nets.
Write XDEF Complete: Time (s): cpu = 00:00:00.06 ; elapsed = 00:00:00.04 . Memory (MB): peak = 2137.469 ; gain = 0.000 ; free physical = 2257 ; free virtual = 6337
INFO: [Common 17-1381] The checkpoint '/media/bozhao/Storage/Study USN/VHDL/Oppgave/Oppgave intro2/Oppgave 2/Three_bit_subtractor/Three_bit_subtractor.runs/impl_1/Three_bit_subtrator_placed.dcp' has been generated.
INFO: [runtcl-4] Executing : report_io -file Three_bit_subtrator_io_placed.rpt
report_io: Time (s): cpu = 00:00:00.16 ; elapsed = 00:00:00.19 . Memory (MB): peak = 2137.469 ; gain = 0.000 ; free physical = 2249 ; free virtual = 6328
INFO: [runtcl-4] Executing : report_utilization -file Three_bit_subtrator_utilization_placed.rpt -pb Three_bit_subtrator_utilization_placed.pb
report_utilization: Time (s): cpu = 00:00:00.08 ; elapsed = 00:00:00.12 . Memory (MB): peak = 2137.469 ; gain = 0.000 ; free physical = 2257 ; free virtual = 6337
INFO: [runtcl-4] Executing : report_control_sets -verbose -file Three_bit_subtrator_control_sets_placed.rpt
report_control_sets: Time (s): cpu = 00:00:00.10 ; elapsed = 00:00:00.11 . Memory (MB): peak = 2137.469 ; gain = 0.000 ; free physical = 2257 ; free virtual = 6337
Command: route_design
Attempting to get a license for feature 'Implementation' and/or device 'xc7z010'
INFO: [Common 17-349] Got license for feature 'Implementation' and/or device 'xc7z010'
Running DRC as a precondition to command route_design
INFO: [DRC 23-27] Running DRC with 8 threads
INFO: [Vivado_Tcl 4-198] DRC finished with 0 Errors
INFO: [Vivado_Tcl 4-199] Please refer to the DRC report (report_drc) for more information.


Starting Routing Task
INFO: [Route 35-254] Multithreading enabled for route_design using a maximum of 8 CPUs
Checksum: PlaceDB: c0b8a9a8 ConstDB: 0 ShapeSum: 3b445c7b RouteDB: 0

Phase 1 Build RT Design
Phase 1 Build RT Design | Checksum: 1062c304f

Time (s): cpu = 00:00:14 ; elapsed = 00:00:13 . Memory (MB): peak = 2137.469 ; gain = 0.000 ; free physical = 2173 ; free virtual = 6252
Post Restoration Checksum: NetGraph: 5ff7717d NumContArr: a634bed2 Constraints: 0 Timing: 0

Phase 2 Router Initialization
INFO: [Route 35-64] No timing constraints were detected. The router will operate in resource-optimization mode.

Phase 2.1 Fix Topology Constraints
Phase 2.1 Fix Topology Constraints | Checksum: 1062c304f

Time (s): cpu = 00:00:14 ; elapsed = 00:00:13 . Memory (MB): peak = 2137.469 ; gain = 0.000 ; free physical = 2143 ; free virtual = 6223

Phase 2.2 Pre Route Cleanup
Phase 2.2 Pre Route Cleanup | Checksum: 1062c304f

Time (s): cpu = 00:00:14 ; elapsed = 00:00:13 . Memory (MB): peak = 2137.469 ; gain = 0.000 ; free physical = 2143 ; free virtual = 6223
Phase 2 Router Initialization | Checksum: 1062c304f

Time (s): cpu = 00:00:14 ; elapsed = 00:00:13 . Memory (MB): peak = 2137.469 ; gain = 0.000 ; free physical = 2142 ; free virtual = 6222

Phase 3 Initial Routing
Phase 3 Initial Routing | Checksum: a4c0d696

Time (s): cpu = 00:00:14 ; elapsed = 00:00:13 . Memory (MB): peak = 2137.469 ; gain = 0.000 ; free physical = 2142 ; free virtual = 6222

Phase 4 Rip-up And Reroute

Phase 4.1 Global Iteration 0
 Number of Nodes with overlaps = 0
Phase 4.1 Global Iteration 0 | Checksum: 70a2fb2b

Time (s): cpu = 00:00:14 ; elapsed = 00:00:13 . Memory (MB): peak = 2137.469 ; gain = 0.000 ; free physical = 2142 ; free virtual = 6222
Phase 4 Rip-up And Reroute | Checksum: 70a2fb2b

Time (s): cpu = 00:00:14 ; elapsed = 00:00:13 . Memory (MB): peak = 2137.469 ; gain = 0.000 ; free physical = 2142 ; free virtual = 6222

Phase 5 Delay and Skew Optimization
Phase 5 Delay and Skew Optimization | Checksum: 70a2fb2b

Time (s): cpu = 00:00:14 ; elapsed = 00:00:13 . Memory (MB): peak = 2137.469 ; gain = 0.000 ; free physical = 2142 ; free virtual = 6222

Phase 6 Post Hold Fix

Phase 6.1 Hold Fix Iter
Phase 6.1 Hold Fix Iter | Checksum: 70a2fb2b

Time (s): cpu = 00:00:14 ; elapsed = 00:00:13 . Memory (MB): peak = 2137.469 ; gain = 0.000 ; free physical = 2142 ; free virtual = 6222
Phase 6 Post Hold Fix | Checksum: 70a2fb2b

Time (s): cpu = 00:00:14 ; elapsed = 00:00:13 . Memory (MB): peak = 2137.469 ; gain = 0.000 ; free physical = 2142 ; free virtual = 6222

Phase 7 Route finalize

Router Utilization Summary
  Global Vertical Routing Utilization    = 0.0574324 %
  Global Horizontal Routing Utilization  = 0.00459559 %
  Routable Net Status*
  *Does not include unroutable nets such as driverless and loadless.
  Run report_route_status for detailed report.
  Number of Failed Nets               = 0
  Number of Unrouted Nets             = 0
  Number of Partially Routed Nets     = 0
  Number of Node Overlaps             = 0

Congestion Report
North Dir 1x1 Area, Max Cong = 16.2162%, No Congested Regions.
South Dir 1x1 Area, Max Cong = 22.5225%, No Congested Regions.
East Dir 1x1 Area, Max Cong = 8.82353%, No Congested Regions.
West Dir 1x1 Area, Max Cong = 4.41176%, No Congested Regions.

------------------------------
Reporting congestion hotspots
------------------------------
Direction: North
----------------
Congested clusters found at Level 0
Effective congestion level: 0 Aspect Ratio: 1 Sparse Ratio: 0
Direction: South
----------------
Congested clusters found at Level 0
Effective congestion level: 0 Aspect Ratio: 1 Sparse Ratio: 0
Direction: East
----------------
Congested clusters found at Level 0
Effective congestion level: 0 Aspect Ratio: 1 Sparse Ratio: 0
Direction: West
----------------
Congested clusters found at Level 0
Effective congestion level: 0 Aspect Ratio: 1 Sparse Ratio: 0

Phase 7 Route finalize | Checksum: 70a2fb2b

Time (s): cpu = 00:00:15 ; elapsed = 00:00:13 . Memory (MB): peak = 2137.469 ; gain = 0.000 ; free physical = 2142 ; free virtual = 6222

Phase 8 Verifying routed nets

 Verification completed successfully
Phase 8 Verifying routed nets | Checksum: 70a2fb2b

Time (s): cpu = 00:00:15 ; elapsed = 00:00:13 . Memory (MB): peak = 2137.605 ; gain = 0.137 ; free physical = 2141 ; free virtual = 6221

Phase 9 Depositing Routes
Phase 9 Depositing Routes | Checksum: 8806587b

Time (s): cpu = 00:00:15 ; elapsed = 00:00:13 . Memory (MB): peak = 2137.605 ; gain = 0.137 ; free physical = 2141 ; free virtual = 6221
INFO: [Route 35-16] Router Completed Successfully

Time (s): cpu = 00:00:15 ; elapsed = 00:00:13 . Memory (MB): peak = 2137.605 ; gain = 0.137 ; free physical = 2169 ; free virtual = 6249

Routing Is Done.
INFO: [Common 17-83] Releasing license: Implementation
54 Infos, 1 Warnings, 0 Critical Warnings and 0 Errors encountered.
route_design completed successfully
route_design: Time (s): cpu = 00:00:16 ; elapsed = 00:00:14 . Memory (MB): peak = 2137.605 ; gain = 0.137 ; free physical = 2169 ; free virtual = 6248
INFO: [Timing 38-480] Writing timing data to binary archive.
Writing placer database...
Writing XDEF routing.
Writing XDEF routing logical nets.
Writing XDEF routing special nets.
Write XDEF Complete: Time (s): cpu = 00:00:00.04 ; elapsed = 00:00:00.03 . Memory (MB): peak = 2137.605 ; gain = 0.000 ; free physical = 2163 ; free virtual = 6245
INFO: [Common 17-1381] The checkpoint '/media/bozhao/Storage/Study USN/VHDL/Oppgave/Oppgave intro2/Oppgave 2/Three_bit_subtractor/Three_bit_subtractor.runs/impl_1/Three_bit_subtrator_routed.dcp' has been generated.
INFO: [runtcl-4] Executing : report_drc -file Three_bit_subtrator_drc_routed.rpt -pb Three_bit_subtrator_drc_routed.pb -rpx Three_bit_subtrator_drc_routed.rpx
Command: report_drc -file Three_bit_subtrator_drc_routed.rpt -pb Three_bit_subtrator_drc_routed.pb -rpx Three_bit_subtrator_drc_routed.rpx
INFO: [DRC 23-27] Running DRC with 8 threads
INFO: [Coretcl 2-168] The results of DRC are in file /media/bozhao/Storage/Study USN/VHDL/Oppgave/Oppgave intro2/Oppgave 2/Three_bit_subtractor/Three_bit_subtractor.runs/impl_1/Three_bit_subtrator_drc_routed.rpt.
report_drc completed successfully
INFO: [runtcl-4] Executing : report_methodology -file Three_bit_subtrator_methodology_drc_routed.rpt -pb Three_bit_subtrator_methodology_drc_routed.pb -rpx Three_bit_subtrator_methodology_drc_routed.rpx
Command: report_methodology -file Three_bit_subtrator_methodology_drc_routed.rpt -pb Three_bit_subtrator_methodology_drc_routed.pb -rpx Three_bit_subtrator_methodology_drc_routed.rpx
INFO: [Timing 38-35] Done setting XDC timing constraints.
INFO: [Timing 38-35] Done setting XDC timing constraints.
INFO: [DRC 23-133] Running Methodology with 8 threads
INFO: [Coretcl 2-1520] The results of Report Methodology are in file /media/bozhao/Storage/Study USN/VHDL/Oppgave/Oppgave intro2/Oppgave 2/Three_bit_subtractor/Three_bit_subtractor.runs/impl_1/Three_bit_subtrator_methodology_drc_routed.rpt.
report_methodology completed successfully
INFO: [runtcl-4] Executing : report_power -file Three_bit_subtrator_power_routed.rpt -pb Three_bit_subtrator_power_summary_routed.pb -rpx Three_bit_subtrator_power_routed.rpx
Command: report_power -file Three_bit_subtrator_power_routed.rpt -pb Three_bit_subtrator_power_summary_routed.pb -rpx Three_bit_subtrator_power_routed.rpx
WARNING: [Power 33-232] No user defined clocks were found in the design!
Resolution: Please specify clocks using create_clock/create_generated_clock for sequential elements. For pure combinatorial circuits, please specify a virtual clock, otherwise the vectorless estimation might be inaccurate
INFO: [Timing 38-35] Done setting XDC timing constraints.
Running Vector-less Activity Propagation...

Finished Running Vector-less Activity Propagation
66 Infos, 2 Warnings, 0 Critical Warnings and 0 Errors encountered.
report_power completed successfully
INFO: [runtcl-4] Executing : report_route_status -file Three_bit_subtrator_route_status.rpt -pb Three_bit_subtrator_route_status.pb
INFO: [runtcl-4] Executing : report_timing_summary -max_paths 10 -file Three_bit_subtrator_timing_summary_routed.rpt -pb Three_bit_subtrator_timing_summary_routed.pb -rpx Three_bit_subtrator_timing_summary_routed.rpx -warn_on_violation 
INFO: [Timing 38-91] UpdateTimingParams: Speed grade: -1, Delay Type: min_max, Timing Stage: Requireds.
INFO: [Timing 38-191] Multithreading enabled for timing update using a maximum of 8 CPUs
WARNING: [Timing 38-313] There are no user specified timing constraints. Timing constraints are needed for proper timing analysis.
INFO: [runtcl-4] Executing : report_incremental_reuse -file Three_bit_subtrator_incremental_reuse_routed.rpt
INFO: [Vivado_Tcl 4-545] No incremental reuse to report, no incremental placement and routing data was found.
INFO: [runtcl-4] Executing : report_clock_utilization -file Three_bit_subtrator_clock_utilization_routed.rpt
INFO: [runtcl-4] Executing : report_bus_skew -warn_on_violation -file Three_bit_subtrator_bus_skew_routed.rpt -pb Three_bit_subtrator_bus_skew_routed.pb -rpx Three_bit_subtrator_bus_skew_routed.rpx
INFO: [Timing 38-91] UpdateTimingParams: Speed grade: -1, Delay Type: min_max, Timing Stage: Requireds.
INFO: [Timing 38-191] Multithreading enabled for timing update using a maximum of 8 CPUs
Command: write_bitstream -force Three_bit_subtrator.bit
Attempting to get a license for feature 'Implementation' and/or device 'xc7z010'
INFO: [Common 17-349] Got license for feature 'Implementation' and/or device 'xc7z010'
Running DRC as a precondition to command write_bitstream
INFO: [DRC 23-27] Running DRC with 8 threads
WARNING: [DRC ZPS7-1] PS7 block required: The PS7 cell must be used in this Zynq design in order to enable correct default configuration.
INFO: [Vivado 12-3199] DRC finished with 0 Errors, 1 Warnings
INFO: [Vivado 12-3200] Please refer to the DRC report (report_drc) for more information.
INFO: [Designutils 20-2272] Running write_bitstream with 8 threads.
Loading data files...
Loading site data...
Loading route data...
Processing options...
Creating bitmap...
Creating bitstream...
Writing bitstream ./Three_bit_subtrator.bit...
INFO: [Vivado 12-1842] Bitgen Completed Successfully.
INFO: [Project 1-120] WebTalk data collection is mandatory when using a WebPACK part without a full Vivado license. To see the specific WebTalk data collected for your design, open the usage_statistics_webtalk.html or usage_statistics_webtalk.xml file in the implementation directory.
sh: 1: cannot create /media/bozhao/Storage/Study: Is a directory
INFO: [Common 17-83] Releasing license: Implementation
84 Infos, 4 Warnings, 0 Critical Warnings and 0 Errors encountered.
write_bitstream completed successfully
write_bitstream: Time (s): cpu = 00:00:09 ; elapsed = 00:00:18 . Memory (MB): peak = 2488.121 ; gain = 262.453 ; free physical = 2134 ; free virtual = 6220
INFO: [Common 17-206] Exiting Vivado at Wed Aug 22 08:48:07 2018...
