
*** Running vivado
    with args -log State_machine.vds -m64 -product Vivado -mode batch -messageDb vivado.pb -notrace -source State_machine.tcl


****** Vivado v2018.2 (64-bit)
  **** SW Build 2258646 on Thu Jun 14 20:03:12 MDT 2018
  **** IP Build 2256618 on Thu Jun 14 22:10:49 MDT 2018
    ** Copyright 1986-2018 Xilinx, Inc. All Rights Reserved.

source State_machine.tcl -notrace
Command: synth_design -top State_machine -part xc7z010clg400-1
Starting synth_design
Attempting to get a license for feature 'Synthesis' and/or device 'xc7z010'
INFO: [Common 17-349] Got license for feature 'Synthesis' and/or device 'xc7z010'
INFO: Launching helper process for spawning children vivado processes
INFO: Helper process launched with PID 7940 
---------------------------------------------------------------------------------
Starting RTL Elaboration : Time (s): cpu = 00:00:03 ; elapsed = 00:00:03 . Memory (MB): peak = 357.180 ; gain = 99.055
---------------------------------------------------------------------------------
INFO: [Synth 8-638] synthesizing module 'State_machine' [D:/USN_Study/Objected_Oriented_Embedded_Systems_programming_language/VHDL/Task_intro3/Assignment1/Bozhao_Liu/State_machine/State_machine.srcs/sources_1/new/State_machine.vhd:41]
INFO: [Synth 8-3491] module 'debounce_trigger' declared at 'D:/USN_Study/Objected_Oriented_Embedded_Systems_programming_language/VHDL/Task_intro3/Assignment1/Bozhao_Liu/State_machine/State_machine.srcs/sources_1/new/Debounce_trigger.vhd:35' bound to instance 'debounce_switch_state' of component 'debounce_trigger' [D:/USN_Study/Objected_Oriented_Embedded_Systems_programming_language/VHDL/Task_intro3/Assignment1/Bozhao_Liu/State_machine/State_machine.srcs/sources_1/new/State_machine.vhd:82]
INFO: [Synth 8-638] synthesizing module 'debounce_trigger' [D:/USN_Study/Objected_Oriented_Embedded_Systems_programming_language/VHDL/Task_intro3/Assignment1/Bozhao_Liu/State_machine/State_machine.srcs/sources_1/new/Debounce_trigger.vhd:43]
	Parameter periods bound to: 24 - type: integer 
WARNING: [Synth 8-6014] Unused sequential element counter_reg was removed.  [D:/USN_Study/Objected_Oriented_Embedded_Systems_programming_language/VHDL/Task_intro3/Assignment1/Bozhao_Liu/State_machine/State_machine.srcs/sources_1/new/Debounce_trigger.vhd:63]
WARNING: [Synth 8-6014] Unused sequential element en_reg was removed.  [D:/USN_Study/Objected_Oriented_Embedded_Systems_programming_language/VHDL/Task_intro3/Assignment1/Bozhao_Liu/State_machine/State_machine.srcs/sources_1/new/Debounce_trigger.vhd:64]
INFO: [Synth 8-256] done synthesizing module 'debounce_trigger' (1#1) [D:/USN_Study/Objected_Oriented_Embedded_Systems_programming_language/VHDL/Task_intro3/Assignment1/Bozhao_Liu/State_machine/State_machine.srcs/sources_1/new/Debounce_trigger.vhd:43]
INFO: [Synth 8-3491] module 'State_press' declared at 'D:/USN_Study/Objected_Oriented_Embedded_Systems_programming_language/VHDL/Task_intro3/Assignment1/Bozhao_Liu/State_machine/State_machine.srcs/sources_1/new/state_press.vhd:35' bound to instance 'press_state' of component 'State_press' [D:/USN_Study/Objected_Oriented_Embedded_Systems_programming_language/VHDL/Task_intro3/Assignment1/Bozhao_Liu/State_machine/State_machine.srcs/sources_1/new/State_machine.vhd:85]
INFO: [Synth 8-638] synthesizing module 'State_press' [D:/USN_Study/Objected_Oriented_Embedded_Systems_programming_language/VHDL/Task_intro3/Assignment1/Bozhao_Liu/State_machine/State_machine.srcs/sources_1/new/state_press.vhd:43]
	Parameter periods bound to: 24 - type: integer 
INFO: [Synth 8-256] done synthesizing module 'State_press' (2#1) [D:/USN_Study/Objected_Oriented_Embedded_Systems_programming_language/VHDL/Task_intro3/Assignment1/Bozhao_Liu/State_machine/State_machine.srcs/sources_1/new/state_press.vhd:43]
INFO: [Synth 8-3491] module 'debounce_trigger' declared at 'D:/USN_Study/Objected_Oriented_Embedded_Systems_programming_language/VHDL/Task_intro3/Assignment1/Bozhao_Liu/State_machine/State_machine.srcs/sources_1/new/Debounce_trigger.vhd:35' bound to instance 'trigger_state' of component 'debounce_trigger' [D:/USN_Study/Objected_Oriented_Embedded_Systems_programming_language/VHDL/Task_intro3/Assignment1/Bozhao_Liu/State_machine/State_machine.srcs/sources_1/new/State_machine.vhd:88]
INFO: [Synth 8-3491] module 'warning' declared at 'D:/USN_Study/Objected_Oriented_Embedded_Systems_programming_language/VHDL/Task_intro3/Assignment1/Bozhao_Liu/State_machine/State_machine.srcs/sources_1/new/warning.vhd:35' bound to instance 'warning_state' of component 'warning' [D:/USN_Study/Objected_Oriented_Embedded_Systems_programming_language/VHDL/Task_intro3/Assignment1/Bozhao_Liu/State_machine/State_machine.srcs/sources_1/new/State_machine.vhd:91]
INFO: [Synth 8-638] synthesizing module 'warning' [D:/USN_Study/Objected_Oriented_Embedded_Systems_programming_language/VHDL/Task_intro3/Assignment1/Bozhao_Liu/State_machine/State_machine.srcs/sources_1/new/warning.vhd:44]
	Parameter periods bound to: 24 - type: integer 
	Parameter freq bound to: 125000000 - type: integer 
INFO: [Synth 8-256] done synthesizing module 'warning' (3#1) [D:/USN_Study/Objected_Oriented_Embedded_Systems_programming_language/VHDL/Task_intro3/Assignment1/Bozhao_Liu/State_machine/State_machine.srcs/sources_1/new/warning.vhd:44]
WARNING: [Synth 8-614] signal 'next_state_indecater' is read in the process but is not in the sensitivity list [D:/USN_Study/Objected_Oriented_Embedded_Systems_programming_language/VHDL/Task_intro3/Assignment1/Bozhao_Liu/State_machine/State_machine.srcs/sources_1/new/State_machine.vhd:99]
WARNING: [Synth 8-614] signal 'press_out' is read in the process but is not in the sensitivity list [D:/USN_Study/Objected_Oriented_Embedded_Systems_programming_language/VHDL/Task_intro3/Assignment1/Bozhao_Liu/State_machine/State_machine.srcs/sources_1/new/State_machine.vhd:99]
WARNING: [Synth 8-614] signal 'trigger_out' is read in the process but is not in the sensitivity list [D:/USN_Study/Objected_Oriented_Embedded_Systems_programming_language/VHDL/Task_intro3/Assignment1/Bozhao_Liu/State_machine/State_machine.srcs/sources_1/new/State_machine.vhd:99]
WARNING: [Synth 8-614] signal 'warning_out' is read in the process but is not in the sensitivity list [D:/USN_Study/Objected_Oriented_Embedded_Systems_programming_language/VHDL/Task_intro3/Assignment1/Bozhao_Liu/State_machine/State_machine.srcs/sources_1/new/State_machine.vhd:99]
WARNING: [Synth 8-614] signal 'Current_state' is read in the process but is not in the sensitivity list [D:/USN_Study/Objected_Oriented_Embedded_Systems_programming_language/VHDL/Task_intro3/Assignment1/Bozhao_Liu/State_machine/State_machine.srcs/sources_1/new/State_machine.vhd:118]
INFO: [Synth 8-256] done synthesizing module 'State_machine' (4#1) [D:/USN_Study/Objected_Oriented_Embedded_Systems_programming_language/VHDL/Task_intro3/Assignment1/Bozhao_Liu/State_machine/State_machine.srcs/sources_1/new/State_machine.vhd:41]
---------------------------------------------------------------------------------
Finished RTL Elaboration : Time (s): cpu = 00:00:04 ; elapsed = 00:00:04 . Memory (MB): peak = 412.430 ; gain = 154.305
---------------------------------------------------------------------------------

Report Check Netlist: 
+------+------------------+-------+---------+-------+------------------+
|      |Item              |Errors |Warnings |Status |Description       |
+------+------------------+-------+---------+-------+------------------+
|1     |multi_driven_nets |      0|        0|Passed |Multi driven nets |
+------+------------------+-------+---------+-------+------------------+
---------------------------------------------------------------------------------
Start Handling Custom Attributes
---------------------------------------------------------------------------------
---------------------------------------------------------------------------------
Finished Handling Custom Attributes : Time (s): cpu = 00:00:04 ; elapsed = 00:00:04 . Memory (MB): peak = 412.430 ; gain = 154.305
---------------------------------------------------------------------------------
---------------------------------------------------------------------------------
Finished RTL Optimization Phase 1 : Time (s): cpu = 00:00:04 ; elapsed = 00:00:04 . Memory (MB): peak = 412.430 ; gain = 154.305
---------------------------------------------------------------------------------
INFO: [Device 21-403] Loading part xc7z010clg400-1
INFO: [Project 1-570] Preparing netlist for logic optimization

Processing XDC Constraints
Initializing timing engine
Parsing XDC File [D:/USN_Study/Objected_Oriented_Embedded_Systems_programming_language/VHDL/Task_intro3/Assignment1/Bozhao_Liu/State_machine/State_machine.srcs/constrs_1/imports/VHDL/ZYBO_Master.xdc]
Finished Parsing XDC File [D:/USN_Study/Objected_Oriented_Embedded_Systems_programming_language/VHDL/Task_intro3/Assignment1/Bozhao_Liu/State_machine/State_machine.srcs/constrs_1/imports/VHDL/ZYBO_Master.xdc]
INFO: [Project 1-236] Implementation specific constraints were found while reading constraint file [D:/USN_Study/Objected_Oriented_Embedded_Systems_programming_language/VHDL/Task_intro3/Assignment1/Bozhao_Liu/State_machine/State_machine.srcs/constrs_1/imports/VHDL/ZYBO_Master.xdc]. These constraints will be ignored for synthesis but will be used in implementation. Impacted constraints are listed in the file [.Xil/State_machine_propImpl.xdc].
Resolution: To avoid this warning, move constraints listed in [.Xil/State_machine_propImpl.xdc] to another XDC file and exclude this new file from synthesis with the used_in_synthesis property (File Properties dialog in GUI) and re-run elaboration/synthesis.
Completed Processing XDC Constraints

INFO: [Project 1-111] Unisim Transformation Summary:
No Unisim elements were transformed.

Constraint Validation Runtime : Time (s): cpu = 00:00:00 ; elapsed = 00:00:00.007 . Memory (MB): peak = 745.305 ; gain = 0.000
---------------------------------------------------------------------------------
Finished Constraint Validation : Time (s): cpu = 00:00:15 ; elapsed = 00:00:18 . Memory (MB): peak = 745.305 ; gain = 487.180
---------------------------------------------------------------------------------
---------------------------------------------------------------------------------
Start Loading Part and Timing Information
---------------------------------------------------------------------------------
Loading part: xc7z010clg400-1
---------------------------------------------------------------------------------
Finished Loading Part and Timing Information : Time (s): cpu = 00:00:15 ; elapsed = 00:00:18 . Memory (MB): peak = 745.305 ; gain = 487.180
---------------------------------------------------------------------------------
---------------------------------------------------------------------------------
Start Applying 'set_property' XDC Constraints
---------------------------------------------------------------------------------
---------------------------------------------------------------------------------
Finished applying 'set_property' XDC Constraints : Time (s): cpu = 00:00:15 ; elapsed = 00:00:18 . Memory (MB): peak = 745.305 ; gain = 487.180
---------------------------------------------------------------------------------
INFO: [Synth 8-5545] ROM "counter1" won't be mapped to RAM because address size (32) is larger than maximum supported(25)
INFO: [Synth 8-802] inferred FSM for state register 'Current_state_reg' in module 'State_machine'
WARNING: [Synth 8-6014] Unused sequential element next_state_reg was removed.  [D:/USN_Study/Objected_Oriented_Embedded_Systems_programming_language/VHDL/Task_intro3/Assignment1/Bozhao_Liu/State_machine/State_machine.srcs/sources_1/new/State_machine.vhd:77]
INFO: [Synth 8-5544] ROM "next_state_indecater" won't be mapped to Block RAM because address size (2) smaller than threshold (5)
---------------------------------------------------------------------------------------------------
                   State |                     New Encoding |                Previous Encoding 
---------------------------------------------------------------------------------------------------
              stop_state |                               00 |                               00
                 presser |                               01 |                               01
                 flasher |                               10 |                               10
                  warner |                               11 |                               11
---------------------------------------------------------------------------------------------------
INFO: [Synth 8-3354] encoded FSM with state register 'Current_state_reg' using encoding 'sequential' in module 'State_machine'
---------------------------------------------------------------------------------
Finished RTL Optimization Phase 2 : Time (s): cpu = 00:00:15 ; elapsed = 00:00:19 . Memory (MB): peak = 745.305 ; gain = 487.180
---------------------------------------------------------------------------------

Report RTL Partitions: 
+-+--------------+------------+----------+
| |RTL Partition |Replication |Instances |
+-+--------------+------------+----------+
+-+--------------+------------+----------+
---------------------------------------------------------------------------------
Start RTL Component Statistics 
---------------------------------------------------------------------------------
Detailed RTL Component Info : 
+---Adders : 
	   2 Input     32 Bit       Adders := 1     
	   2 Input      3 Bit       Adders := 1     
	   2 Input      1 Bit       Adders := 1     
+---XORs : 
	   2 Input      1 Bit         XORs := 3     
+---Registers : 
	               32 Bit    Registers := 1     
	                3 Bit    Registers := 2     
	                2 Bit    Registers := 8     
	                1 Bit    Registers := 4     
+---Muxes : 
	   2 Input     32 Bit        Muxes := 1     
	   4 Input      4 Bit        Muxes := 1     
	   4 Input      3 Bit        Muxes := 1     
	   4 Input      2 Bit        Muxes := 1     
	   2 Input      2 Bit        Muxes := 4     
---------------------------------------------------------------------------------
Finished RTL Component Statistics 
---------------------------------------------------------------------------------
---------------------------------------------------------------------------------
Start RTL Hierarchical Component Statistics 
---------------------------------------------------------------------------------
Hierarchical RTL Component report 
Module State_machine 
Detailed RTL Component Info : 
+---Registers : 
	                3 Bit    Registers := 1     
+---Muxes : 
	   4 Input      4 Bit        Muxes := 1     
	   4 Input      3 Bit        Muxes := 1     
	   4 Input      2 Bit        Muxes := 1     
	   2 Input      2 Bit        Muxes := 4     
Module debounce_trigger 
Detailed RTL Component Info : 
+---Registers : 
	                2 Bit    Registers := 2     
Module State_press 
Detailed RTL Component Info : 
+---XORs : 
	   2 Input      1 Bit         XORs := 1     
+---Registers : 
	                2 Bit    Registers := 1     
	                1 Bit    Registers := 2     
Module warning 
Detailed RTL Component Info : 
+---Adders : 
	   2 Input     32 Bit       Adders := 1     
	   2 Input      3 Bit       Adders := 1     
	   2 Input      1 Bit       Adders := 1     
+---XORs : 
	   2 Input      1 Bit         XORs := 2     
+---Registers : 
	               32 Bit    Registers := 1     
	                3 Bit    Registers := 1     
	                2 Bit    Registers := 3     
	                1 Bit    Registers := 2     
+---Muxes : 
	   2 Input     32 Bit        Muxes := 1     
---------------------------------------------------------------------------------
Finished RTL Hierarchical Component Statistics
---------------------------------------------------------------------------------
---------------------------------------------------------------------------------
Start Part Resource Summary
---------------------------------------------------------------------------------
Part Resources:
DSPs: 80 (col length:40)
BRAMs: 120 (col length: RAMB18 40 RAMB36 20)
---------------------------------------------------------------------------------
Finished Part Resource Summary
---------------------------------------------------------------------------------
---------------------------------------------------------------------------------
Start Cross Boundary and Area Optimization
---------------------------------------------------------------------------------
Warning: Parallel synthesis criteria is not met 
INFO: [Synth 8-5545] ROM "warning_state/counter1" won't be mapped to RAM because address size (32) is larger than maximum supported(25)
INFO: [Synth 8-3886] merging instance 'warning_state/ff_reg[0]' (FD) to 'press_state/buff_reg[0]'
INFO: [Synth 8-3886] merging instance 'warning_state/ff_reg[1]' (FD) to 'press_state/buff_reg[1]'
INFO: [Synth 8-3886] merging instance 'press_state/buff_reg[0]' (FD) to 'trigger_state/buff_reg[0]'
INFO: [Synth 8-3886] merging instance 'press_state/buff_reg[1]' (FD) to 'trigger_state/buff_reg[1]'
INFO: [Synth 8-3886] merging instance 'trigger_state/buff2_reg[0]' (FD) to 'warning_state/ff2_reg[0]'
INFO: [Synth 8-3886] merging instance 'trigger_state/buff2_reg[1]' (FD) to 'warning_state/ff2_reg[1]'
INFO: [Synth 8-3333] propagating constant 0 across sequential element (\next_state_indecater_reg[0] )
WARNING: [Synth 8-3332] Sequential element (next_state_indecater_reg[0]) is unused and will be removed from module State_machine.
---------------------------------------------------------------------------------
Finished Cross Boundary and Area Optimization : Time (s): cpu = 00:00:17 ; elapsed = 00:00:20 . Memory (MB): peak = 745.305 ; gain = 487.180
---------------------------------------------------------------------------------

Report RTL Partitions: 
+-+--------------+------------+----------+
| |RTL Partition |Replication |Instances |
+-+--------------+------------+----------+
+-+--------------+------------+----------+
---------------------------------------------------------------------------------
Start Applying XDC Timing Constraints
---------------------------------------------------------------------------------
---------------------------------------------------------------------------------
Finished Applying XDC Timing Constraints : Time (s): cpu = 00:00:28 ; elapsed = 00:00:33 . Memory (MB): peak = 745.305 ; gain = 487.180
---------------------------------------------------------------------------------
---------------------------------------------------------------------------------
Start Timing Optimization
---------------------------------------------------------------------------------
---------------------------------------------------------------------------------
Finished Timing Optimization : Time (s): cpu = 00:00:28 ; elapsed = 00:00:33 . Memory (MB): peak = 766.328 ; gain = 508.203
---------------------------------------------------------------------------------

Report RTL Partitions: 
+-+--------------+------------+----------+
| |RTL Partition |Replication |Instances |
+-+--------------+------------+----------+
+-+--------------+------------+----------+
---------------------------------------------------------------------------------
Start Technology Mapping
---------------------------------------------------------------------------------
INFO: [Synth 8-4765] Removing register instance (\warning_state/en_reg ) from module (State_machine) as it is equivalent to (\warning_state/en_reg__0 ) and driving same net [D:/USN_Study/Objected_Oriented_Embedded_Systems_programming_language/VHDL/Task_intro3/Assignment1/Bozhao_Liu/State_machine/State_machine.srcs/sources_1/new/warning.vhd:81]
---------------------------------------------------------------------------------
Finished Technology Mapping : Time (s): cpu = 00:00:28 ; elapsed = 00:00:33 . Memory (MB): peak = 767.707 ; gain = 509.582
---------------------------------------------------------------------------------

Report RTL Partitions: 
+-+--------------+------------+----------+
| |RTL Partition |Replication |Instances |
+-+--------------+------------+----------+
+-+--------------+------------+----------+
---------------------------------------------------------------------------------
Start IO Insertion
---------------------------------------------------------------------------------
---------------------------------------------------------------------------------
Start Flattening Before IO Insertion
---------------------------------------------------------------------------------
---------------------------------------------------------------------------------
Finished Flattening Before IO Insertion
---------------------------------------------------------------------------------
---------------------------------------------------------------------------------
Start Final Netlist Cleanup
---------------------------------------------------------------------------------
---------------------------------------------------------------------------------
Finished Final Netlist Cleanup
---------------------------------------------------------------------------------
---------------------------------------------------------------------------------
Finished IO Insertion : Time (s): cpu = 00:00:29 ; elapsed = 00:00:34 . Memory (MB): peak = 767.707 ; gain = 509.582
---------------------------------------------------------------------------------

Report Check Netlist: 
+------+------------------+-------+---------+-------+------------------+
|      |Item              |Errors |Warnings |Status |Description       |
+------+------------------+-------+---------+-------+------------------+
|1     |multi_driven_nets |      0|        0|Passed |Multi driven nets |
+------+------------------+-------+---------+-------+------------------+
---------------------------------------------------------------------------------
Start Renaming Generated Instances
---------------------------------------------------------------------------------
---------------------------------------------------------------------------------
Finished Renaming Generated Instances : Time (s): cpu = 00:00:29 ; elapsed = 00:00:34 . Memory (MB): peak = 767.707 ; gain = 509.582
---------------------------------------------------------------------------------

Report RTL Partitions: 
+-+--------------+------------+----------+
| |RTL Partition |Replication |Instances |
+-+--------------+------------+----------+
+-+--------------+------------+----------+
---------------------------------------------------------------------------------
Start Rebuilding User Hierarchy
---------------------------------------------------------------------------------
---------------------------------------------------------------------------------
Finished Rebuilding User Hierarchy : Time (s): cpu = 00:00:29 ; elapsed = 00:00:34 . Memory (MB): peak = 767.707 ; gain = 509.582
---------------------------------------------------------------------------------
---------------------------------------------------------------------------------
Start Renaming Generated Ports
---------------------------------------------------------------------------------
---------------------------------------------------------------------------------
Finished Renaming Generated Ports : Time (s): cpu = 00:00:29 ; elapsed = 00:00:34 . Memory (MB): peak = 767.707 ; gain = 509.582
---------------------------------------------------------------------------------
---------------------------------------------------------------------------------
Start Handling Custom Attributes
---------------------------------------------------------------------------------
---------------------------------------------------------------------------------
Finished Handling Custom Attributes : Time (s): cpu = 00:00:29 ; elapsed = 00:00:34 . Memory (MB): peak = 767.707 ; gain = 509.582
---------------------------------------------------------------------------------
---------------------------------------------------------------------------------
Start Renaming Generated Nets
---------------------------------------------------------------------------------
---------------------------------------------------------------------------------
Finished Renaming Generated Nets : Time (s): cpu = 00:00:29 ; elapsed = 00:00:34 . Memory (MB): peak = 767.707 ; gain = 509.582
---------------------------------------------------------------------------------
---------------------------------------------------------------------------------
Start Writing Synthesis Report
---------------------------------------------------------------------------------

Report BlackBoxes: 
+-+--------------+----------+
| |BlackBox name |Instances |
+-+--------------+----------+
+-+--------------+----------+

Report Cell Usage: 
+------+-------+------+
|      |Cell   |Count |
+------+-------+------+
|1     |BUFG   |     1|
|2     |CARRY4 |    22|
|3     |LUT1   |     5|
|4     |LUT2   |    37|
|5     |LUT3   |     3|
|6     |LUT4   |     9|
|7     |LUT5   |     2|
|8     |LUT6   |     5|
|9     |FDRE   |    93|
|10    |FDSE   |    13|
|11    |IBUF   |     4|
|12    |OBUF   |     4|
+------+-------+------+

Report Instance Areas: 
+------+------------------------+-------------------+------+
|      |Instance                |Module             |Cells |
+------+------------------------+-------------------+------+
|1     |top                     |                   |   198|
|2     |  debounce_switch_state |debounce_trigger   |     7|
|3     |  press_state           |State_press        |    37|
|4     |  trigger_state         |debounce_trigger_0 |     3|
|5     |  warning_state         |warning            |   132|
+------+------------------------+-------------------+------+
---------------------------------------------------------------------------------
Finished Writing Synthesis Report : Time (s): cpu = 00:00:29 ; elapsed = 00:00:34 . Memory (MB): peak = 767.707 ; gain = 509.582
---------------------------------------------------------------------------------
Synthesis finished with 0 errors, 0 critical warnings and 2 warnings.
Synthesis Optimization Runtime : Time (s): cpu = 00:00:17 ; elapsed = 00:00:24 . Memory (MB): peak = 767.707 ; gain = 176.707
Synthesis Optimization Complete : Time (s): cpu = 00:00:29 ; elapsed = 00:00:34 . Memory (MB): peak = 767.707 ; gain = 509.582
INFO: [Project 1-571] Translating synthesized netlist
INFO: [Netlist 29-17] Analyzing 26 Unisim elements for replacement
INFO: [Netlist 29-28] Unisim Transformation completed in 0 CPU seconds
INFO: [Project 1-570] Preparing netlist for logic optimization
INFO: [Opt 31-138] Pushed 0 inverter(s) to 0 load pin(s).
INFO: [Project 1-111] Unisim Transformation Summary:
No Unisim elements were transformed.

INFO: [Common 17-83] Releasing license: Synthesis
37 Infos, 9 Warnings, 0 Critical Warnings and 0 Errors encountered.
synth_design completed successfully
synth_design: Time (s): cpu = 00:00:32 ; elapsed = 00:00:37 . Memory (MB): peak = 767.707 ; gain = 522.602
WARNING: [Constraints 18-5210] No constraint will be written out.
INFO: [Common 17-1381] The checkpoint 'D:/USN_Study/Objected_Oriented_Embedded_Systems_programming_language/VHDL/Task_intro3/Assignment1/Bozhao_Liu/State_machine/State_machine.runs/synth_1/State_machine.dcp' has been generated.
INFO: [runtcl-4] Executing : report_utilization -file State_machine_utilization_synth.rpt -pb State_machine_utilization_synth.pb
report_utilization: Time (s): cpu = 00:00:00 ; elapsed = 00:00:00.034 . Memory (MB): peak = 767.707 ; gain = 0.000
INFO: [Common 17-206] Exiting Vivado at Mon Sep 10 15:30:06 2018...
