
*** Running vivado
    with args -log Three_bit_adder.vds -m64 -product Vivado -mode batch -messageDb vivado.pb -notrace -source Three_bit_adder.tcl


****** Vivado v2018.2.1 (64-bit)
  **** SW Build 2288692 on Thu Jul 26 18:23:50 MDT 2018
  **** IP Build 2289599 on Thu Jul 26 21:09:20 MDT 2018
    ** Copyright 1986-2018 Xilinx, Inc. All Rights Reserved.

source Three_bit_adder.tcl -notrace
Command: synth_design -top Three_bit_adder -part xc7z010clg400-1
Starting synth_design
Attempting to get a license for feature 'Synthesis' and/or device 'xc7z010'
INFO: [Common 17-349] Got license for feature 'Synthesis' and/or device 'xc7z010'
INFO: Launching helper process for spawning children vivado processes
INFO: Helper process launched with PID 16910 
---------------------------------------------------------------------------------
Starting RTL Elaboration : Time (s): cpu = 00:00:02 ; elapsed = 00:00:03 . Memory (MB): peak = 1269.258 ; gain = 75.906 ; free physical = 1420 ; free virtual = 6120
---------------------------------------------------------------------------------
INFO: [Synth 8-638] synthesizing module 'Three_bit_adder' [/media/bozhao/Storage/Study USN/VHDL/Oppgave/Oppgave intro2/Oppgave 1/Oppgave_1/Oppgave_1.srcs/sources_1/new/Three_bit_adder.vhd:40]
INFO: [Synth 8-638] synthesizing module 'full_adder' [/media/bozhao/Storage/Study USN/VHDL/Oppgave/Oppgave intro2/Oppgave 1/Oppgave_1/Oppgave_1.srcs/sources_1/new/full_adder.vhd:42]
INFO: [Synth 8-256] done synthesizing module 'full_adder' (1#1) [/media/bozhao/Storage/Study USN/VHDL/Oppgave/Oppgave intro2/Oppgave 1/Oppgave_1/Oppgave_1.srcs/sources_1/new/full_adder.vhd:42]
INFO: [Synth 8-256] done synthesizing module 'Three_bit_adder' (2#1) [/media/bozhao/Storage/Study USN/VHDL/Oppgave/Oppgave intro2/Oppgave 1/Oppgave_1/Oppgave_1.srcs/sources_1/new/Three_bit_adder.vhd:40]
---------------------------------------------------------------------------------
Finished RTL Elaboration : Time (s): cpu = 00:00:03 ; elapsed = 00:00:04 . Memory (MB): peak = 1314.883 ; gain = 121.531 ; free physical = 1444 ; free virtual = 6131
---------------------------------------------------------------------------------

Report Check Netlist: 
+------+------------------+-------+---------+-------+------------------+
|      |Item              |Errors |Warnings |Status |Description       |
+------+------------------+-------+---------+-------+------------------+
|1     |multi_driven_nets |      0|        0|Passed |Multi driven nets |
+------+------------------+-------+---------+-------+------------------+
---------------------------------------------------------------------------------
Start Handling Custom Attributes
---------------------------------------------------------------------------------
---------------------------------------------------------------------------------
Finished Handling Custom Attributes : Time (s): cpu = 00:00:04 ; elapsed = 00:00:05 . Memory (MB): peak = 1314.883 ; gain = 121.531 ; free physical = 1443 ; free virtual = 6131
---------------------------------------------------------------------------------
---------------------------------------------------------------------------------
Finished RTL Optimization Phase 1 : Time (s): cpu = 00:00:04 ; elapsed = 00:00:05 . Memory (MB): peak = 1314.883 ; gain = 121.531 ; free physical = 1443 ; free virtual = 6131
---------------------------------------------------------------------------------
INFO: [Device 21-403] Loading part xc7z010clg400-1
INFO: [Project 1-570] Preparing netlist for logic optimization

Processing XDC Constraints
Initializing timing engine
Parsing XDC File [/media/bozhao/Storage/Study USN/VHDL/Oppgave/Oppgave intro2/Oppgave 1/Oppgave_1/Oppgave_1.srcs/constrs_1/new/three_bit_adder.xdc]
Finished Parsing XDC File [/media/bozhao/Storage/Study USN/VHDL/Oppgave/Oppgave intro2/Oppgave 1/Oppgave_1/Oppgave_1.srcs/constrs_1/new/three_bit_adder.xdc]
INFO: [Project 1-236] Implementation specific constraints were found while reading constraint file [/media/bozhao/Storage/Study USN/VHDL/Oppgave/Oppgave intro2/Oppgave 1/Oppgave_1/Oppgave_1.srcs/constrs_1/new/three_bit_adder.xdc]. These constraints will be ignored for synthesis but will be used in implementation. Impacted constraints are listed in the file [.Xil/Three_bit_adder_propImpl.xdc].
Resolution: To avoid this warning, move constraints listed in [.Xil/Three_bit_adder_propImpl.xdc] to another XDC file and exclude this new file from synthesis with the used_in_synthesis property (File Properties dialog in GUI) and re-run elaboration/synthesis.
Completed Processing XDC Constraints

INFO: [Project 1-111] Unisim Transformation Summary:
No Unisim elements were transformed.

Constraint Validation Runtime : Time (s): cpu = 00:00:00 ; elapsed = 00:00:00 . Memory (MB): peak = 1642.484 ; gain = 0.000 ; free physical = 1175 ; free virtual = 5885
---------------------------------------------------------------------------------
Finished Constraint Validation : Time (s): cpu = 00:00:19 ; elapsed = 00:00:44 . Memory (MB): peak = 1642.484 ; gain = 449.133 ; free physical = 1282 ; free virtual = 5985
---------------------------------------------------------------------------------
---------------------------------------------------------------------------------
Start Loading Part and Timing Information
---------------------------------------------------------------------------------
Loading part: xc7z010clg400-1
---------------------------------------------------------------------------------
Finished Loading Part and Timing Information : Time (s): cpu = 00:00:19 ; elapsed = 00:00:44 . Memory (MB): peak = 1642.484 ; gain = 449.133 ; free physical = 1282 ; free virtual = 5985
---------------------------------------------------------------------------------
---------------------------------------------------------------------------------
Start Applying 'set_property' XDC Constraints
---------------------------------------------------------------------------------
---------------------------------------------------------------------------------
Finished applying 'set_property' XDC Constraints : Time (s): cpu = 00:00:19 ; elapsed = 00:00:44 . Memory (MB): peak = 1642.484 ; gain = 449.133 ; free physical = 1283 ; free virtual = 5987
---------------------------------------------------------------------------------
---------------------------------------------------------------------------------
Finished RTL Optimization Phase 2 : Time (s): cpu = 00:00:20 ; elapsed = 00:00:44 . Memory (MB): peak = 1642.484 ; gain = 449.133 ; free physical = 1282 ; free virtual = 5987
---------------------------------------------------------------------------------

Report RTL Partitions: 
+-+--------------+------------+----------+
| |RTL Partition |Replication |Instances |
+-+--------------+------------+----------+
+-+--------------+------------+----------+
---------------------------------------------------------------------------------
Start RTL Component Statistics 
---------------------------------------------------------------------------------
Detailed RTL Component Info : 
+---XORs : 
	   3 Input      1 Bit         XORs := 3     
---------------------------------------------------------------------------------
Finished RTL Component Statistics 
---------------------------------------------------------------------------------
---------------------------------------------------------------------------------
Start RTL Hierarchical Component Statistics 
---------------------------------------------------------------------------------
Hierarchical RTL Component report 
Module full_adder 
Detailed RTL Component Info : 
+---XORs : 
	   3 Input      1 Bit         XORs := 1     
---------------------------------------------------------------------------------
Finished RTL Hierarchical Component Statistics
---------------------------------------------------------------------------------
---------------------------------------------------------------------------------
Start Part Resource Summary
---------------------------------------------------------------------------------
Part Resources:
DSPs: 80 (col length:40)
BRAMs: 120 (col length: RAMB18 40 RAMB36 20)
---------------------------------------------------------------------------------
Finished Part Resource Summary
---------------------------------------------------------------------------------
---------------------------------------------------------------------------------
Start Cross Boundary and Area Optimization
---------------------------------------------------------------------------------
Warning: Parallel synthesis criteria is not met 
---------------------------------------------------------------------------------
Finished Cross Boundary and Area Optimization : Time (s): cpu = 00:00:20 ; elapsed = 00:00:45 . Memory (MB): peak = 1642.484 ; gain = 449.133 ; free physical = 1269 ; free virtual = 5977
---------------------------------------------------------------------------------

Report RTL Partitions: 
+-+--------------+------------+----------+
| |RTL Partition |Replication |Instances |
+-+--------------+------------+----------+
+-+--------------+------------+----------+
---------------------------------------------------------------------------------
Start Applying XDC Timing Constraints
---------------------------------------------------------------------------------
---------------------------------------------------------------------------------
Finished Applying XDC Timing Constraints : Time (s): cpu = 00:00:36 ; elapsed = 00:01:07 . Memory (MB): peak = 1642.484 ; gain = 449.133 ; free physical = 1061 ; free virtual = 5804
---------------------------------------------------------------------------------
---------------------------------------------------------------------------------
Start Timing Optimization
---------------------------------------------------------------------------------
---------------------------------------------------------------------------------
Finished Timing Optimization : Time (s): cpu = 00:00:36 ; elapsed = 00:01:07 . Memory (MB): peak = 1642.484 ; gain = 449.133 ; free physical = 1061 ; free virtual = 5804
---------------------------------------------------------------------------------

Report RTL Partitions: 
+-+--------------+------------+----------+
| |RTL Partition |Replication |Instances |
+-+--------------+------------+----------+
+-+--------------+------------+----------+
---------------------------------------------------------------------------------
Start Technology Mapping
---------------------------------------------------------------------------------
---------------------------------------------------------------------------------
Finished Technology Mapping : Time (s): cpu = 00:00:36 ; elapsed = 00:01:07 . Memory (MB): peak = 1642.484 ; gain = 449.133 ; free physical = 1061 ; free virtual = 5803
---------------------------------------------------------------------------------

Report RTL Partitions: 
+-+--------------+------------+----------+
| |RTL Partition |Replication |Instances |
+-+--------------+------------+----------+
+-+--------------+------------+----------+
---------------------------------------------------------------------------------
Start IO Insertion
---------------------------------------------------------------------------------
---------------------------------------------------------------------------------
Start Flattening Before IO Insertion
---------------------------------------------------------------------------------
---------------------------------------------------------------------------------
Finished Flattening Before IO Insertion
---------------------------------------------------------------------------------
---------------------------------------------------------------------------------
Start Final Netlist Cleanup
---------------------------------------------------------------------------------
---------------------------------------------------------------------------------
Finished Final Netlist Cleanup
---------------------------------------------------------------------------------
---------------------------------------------------------------------------------
Finished IO Insertion : Time (s): cpu = 00:00:37 ; elapsed = 00:01:09 . Memory (MB): peak = 1642.484 ; gain = 449.133 ; free physical = 1059 ; free virtual = 5801
---------------------------------------------------------------------------------

Report Check Netlist: 
+------+------------------+-------+---------+-------+------------------+
|      |Item              |Errors |Warnings |Status |Description       |
+------+------------------+-------+---------+-------+------------------+
|1     |multi_driven_nets |      0|        0|Passed |Multi driven nets |
+------+------------------+-------+---------+-------+------------------+
---------------------------------------------------------------------------------
Start Renaming Generated Instances
---------------------------------------------------------------------------------
---------------------------------------------------------------------------------
Finished Renaming Generated Instances : Time (s): cpu = 00:00:37 ; elapsed = 00:01:09 . Memory (MB): peak = 1642.484 ; gain = 449.133 ; free physical = 1059 ; free virtual = 5801
---------------------------------------------------------------------------------

Report RTL Partitions: 
+-+--------------+------------+----------+
| |RTL Partition |Replication |Instances |
+-+--------------+------------+----------+
+-+--------------+------------+----------+
---------------------------------------------------------------------------------
Start Rebuilding User Hierarchy
---------------------------------------------------------------------------------
---------------------------------------------------------------------------------
Finished Rebuilding User Hierarchy : Time (s): cpu = 00:00:37 ; elapsed = 00:01:09 . Memory (MB): peak = 1642.484 ; gain = 449.133 ; free physical = 1059 ; free virtual = 5801
---------------------------------------------------------------------------------
---------------------------------------------------------------------------------
Start Renaming Generated Ports
---------------------------------------------------------------------------------
---------------------------------------------------------------------------------
Finished Renaming Generated Ports : Time (s): cpu = 00:00:37 ; elapsed = 00:01:09 . Memory (MB): peak = 1642.484 ; gain = 449.133 ; free physical = 1059 ; free virtual = 5801
---------------------------------------------------------------------------------
---------------------------------------------------------------------------------
Start Handling Custom Attributes
---------------------------------------------------------------------------------
---------------------------------------------------------------------------------
Finished Handling Custom Attributes : Time (s): cpu = 00:00:37 ; elapsed = 00:01:09 . Memory (MB): peak = 1642.484 ; gain = 449.133 ; free physical = 1059 ; free virtual = 5801
---------------------------------------------------------------------------------
---------------------------------------------------------------------------------
Start Renaming Generated Nets
---------------------------------------------------------------------------------
---------------------------------------------------------------------------------
Finished Renaming Generated Nets : Time (s): cpu = 00:00:37 ; elapsed = 00:01:09 . Memory (MB): peak = 1642.484 ; gain = 449.133 ; free physical = 1059 ; free virtual = 5801
---------------------------------------------------------------------------------
---------------------------------------------------------------------------------
Start Writing Synthesis Report
---------------------------------------------------------------------------------

Report BlackBoxes: 
+-+--------------+----------+
| |BlackBox name |Instances |
+-+--------------+----------+
+-+--------------+----------+

Report Cell Usage: 
+------+-----+------+
|      |Cell |Count |
+------+-----+------+
|1     |LUT2 |     1|
|2     |LUT4 |     1|
|3     |LUT6 |     2|
|4     |IBUF |     6|
|5     |OBUF |     4|
+------+-----+------+

Report Instance Areas: 
+------+---------+-------------+------+
|      |Instance |Module       |Cells |
+------+---------+-------------+------+
|1     |top      |             |    14|
|2     |  proc1  |full_adder   |     1|
|3     |  proc2  |full_adder_0 |     2|
+------+---------+-------------+------+
---------------------------------------------------------------------------------
Finished Writing Synthesis Report : Time (s): cpu = 00:00:37 ; elapsed = 00:01:09 . Memory (MB): peak = 1642.484 ; gain = 449.133 ; free physical = 1059 ; free virtual = 5802
---------------------------------------------------------------------------------
Synthesis finished with 0 errors, 0 critical warnings and 0 warnings.
Synthesis Optimization Runtime : Time (s): cpu = 00:00:24 ; elapsed = 00:00:33 . Memory (MB): peak = 1642.484 ; gain = 121.531 ; free physical = 1116 ; free virtual = 5860
Synthesis Optimization Complete : Time (s): cpu = 00:00:37 ; elapsed = 00:01:09 . Memory (MB): peak = 1642.484 ; gain = 449.133 ; free physical = 1127 ; free virtual = 5871
INFO: [Project 1-571] Translating synthesized netlist
INFO: [Netlist 29-17] Analyzing 6 Unisim elements for replacement
INFO: [Netlist 29-28] Unisim Transformation completed in 0 CPU seconds
INFO: [Project 1-570] Preparing netlist for logic optimization
INFO: [Opt 31-138] Pushed 0 inverter(s) to 0 load pin(s).
INFO: [Project 1-111] Unisim Transformation Summary:
No Unisim elements were transformed.

INFO: [Common 17-83] Releasing license: Synthesis
16 Infos, 0 Warnings, 0 Critical Warnings and 0 Errors encountered.
synth_design completed successfully
synth_design: Time (s): cpu = 00:00:40 ; elapsed = 00:01:11 . Memory (MB): peak = 1642.484 ; gain = 449.227 ; free physical = 1099 ; free virtual = 5843
WARNING: [Constraints 18-5210] No constraint will be written out.
INFO: [Common 17-1381] The checkpoint '/media/bozhao/Storage/Study USN/VHDL/Oppgave/Oppgave intro2/Oppgave 1/Oppgave_1/Oppgave_1.runs/synth_1/Three_bit_adder.dcp' has been generated.
INFO: [runtcl-4] Executing : report_utilization -file Three_bit_adder_utilization_synth.rpt -pb Three_bit_adder_utilization_synth.pb
report_utilization: Time (s): cpu = 00:00:00.15 ; elapsed = 00:00:00.20 . Memory (MB): peak = 1642.484 ; gain = 0.000 ; free physical = 1099 ; free virtual = 5844
INFO: [Common 17-206] Exiting Vivado at Tue Aug 21 19:30:44 2018...
