
*** Running vivado
    with args -log RX_TX_read_write_control.vdi -applog -m64 -product Vivado -messageDb vivado.pb -mode batch -source RX_TX_read_write_control.tcl -notrace


****** Vivado v2018.2 (64-bit)
  **** SW Build 2258646 on Thu Jun 14 20:03:12 MDT 2018
  **** IP Build 2256618 on Thu Jun 14 22:10:49 MDT 2018
    ** Copyright 1986-2018 Xilinx, Inc. All Rights Reserved.

source RX_TX_read_write_control.tcl -notrace
Command: link_design -top RX_TX_read_write_control -part xc7z010clg400-1
Design is defaulting to srcset: sources_1
Design is defaulting to constrset: constrs_1
INFO: [Netlist 29-17] Analyzing 75 Unisim elements for replacement
INFO: [Netlist 29-28] Unisim Transformation completed in 0 CPU seconds
INFO: [Project 1-479] Netlist was created with Vivado 2018.2
INFO: [Device 21-403] Loading part xc7z010clg400-1
INFO: [Project 1-570] Preparing netlist for logic optimization
Parsing XDC File [D:/USN_Study/Objected_Oriented_Embedded_Systems_programming_language/VHDL/Task_intro3/Assignment2/BozhaoLiu/Oppgave1/Main_state_machine/Main_state_machine.srcs/constrs_1/imports/VHDL/ZYBO_Master.xdc]
Finished Parsing XDC File [D:/USN_Study/Objected_Oriented_Embedded_Systems_programming_language/VHDL/Task_intro3/Assignment2/BozhaoLiu/Oppgave1/Main_state_machine/Main_state_machine.srcs/constrs_1/imports/VHDL/ZYBO_Master.xdc]
INFO: [Opt 31-138] Pushed 0 inverter(s) to 0 load pin(s).
INFO: [Project 1-111] Unisim Transformation Summary:
No Unisim elements were transformed.

7 Infos, 0 Warnings, 0 Critical Warnings and 0 Errors encountered.
link_design completed successfully
link_design: Time (s): cpu = 00:00:09 ; elapsed = 00:00:11 . Memory (MB): peak = 575.707 ; gain = 325.168
Command: opt_design
Attempting to get a license for feature 'Implementation' and/or device 'xc7z010'
INFO: [Common 17-349] Got license for feature 'Implementation' and/or device 'xc7z010'
Running DRC as a precondition to command opt_design

Starting DRC Task
INFO: [DRC 23-27] Running DRC with 2 threads
INFO: [Project 1-461] DRC finished with 0 Errors
INFO: [Project 1-462] Please refer to the DRC report (report_drc) for more information.

Time (s): cpu = 00:00:02 ; elapsed = 00:00:00.970 . Memory (MB): peak = 586.961 ; gain = 11.254

Starting Cache Timing Information Task
INFO: [Timing 38-35] Done setting XDC timing constraints.
Ending Cache Timing Information Task | Checksum: 141008c1d

Time (s): cpu = 00:00:13 ; elapsed = 00:00:16 . Memory (MB): peak = 1106.586 ; gain = 519.625

Starting Logic Optimization Task

Phase 1 Retarget
INFO: [Opt 31-138] Pushed 0 inverter(s) to 0 load pin(s).
INFO: [Opt 31-49] Retargeted 0 cell(s).
Phase 1 Retarget | Checksum: 3b2440a7

Time (s): cpu = 00:00:00 ; elapsed = 00:00:00.053 . Memory (MB): peak = 1106.586 ; gain = 0.000
INFO: [Opt 31-389] Phase Retarget created 0 cells and removed 0 cells

Phase 2 Constant propagation
INFO: [Opt 31-138] Pushed 0 inverter(s) to 0 load pin(s).
Phase 2 Constant propagation | Checksum: 6c59db3c

Time (s): cpu = 00:00:00 ; elapsed = 00:00:00.068 . Memory (MB): peak = 1106.586 ; gain = 0.000
INFO: [Opt 31-389] Phase Constant propagation created 0 cells and removed 0 cells

Phase 3 Sweep
Phase 3 Sweep | Checksum: cd526f69

Time (s): cpu = 00:00:00 ; elapsed = 00:00:00.094 . Memory (MB): peak = 1106.586 ; gain = 0.000
INFO: [Opt 31-389] Phase Sweep created 0 cells and removed 0 cells

Phase 4 BUFG optimization
Phase 4 BUFG optimization | Checksum: cd526f69

Time (s): cpu = 00:00:00 ; elapsed = 00:00:00.116 . Memory (MB): peak = 1106.586 ; gain = 0.000
INFO: [Opt 31-662] Phase BUFG optimization created 0 cells of which 0 are BUFGs and removed 0 cells.

Phase 5 Shift Register Optimization
Phase 5 Shift Register Optimization | Checksum: c9229f97

Time (s): cpu = 00:00:00 ; elapsed = 00:00:00.174 . Memory (MB): peak = 1106.586 ; gain = 0.000
INFO: [Opt 31-389] Phase Shift Register Optimization created 0 cells and removed 0 cells

Phase 6 Post Processing Netlist
Phase 6 Post Processing Netlist | Checksum: c9229f97

Time (s): cpu = 00:00:00 ; elapsed = 00:00:00.178 . Memory (MB): peak = 1106.586 ; gain = 0.000
INFO: [Opt 31-389] Phase Post Processing Netlist created 0 cells and removed 0 cells

Starting Connectivity Check Task

Time (s): cpu = 00:00:00 ; elapsed = 00:00:00.001 . Memory (MB): peak = 1106.586 ; gain = 0.000
Ending Logic Optimization Task | Checksum: c9229f97

Time (s): cpu = 00:00:00 ; elapsed = 00:00:00.183 . Memory (MB): peak = 1106.586 ; gain = 0.000

Starting Power Optimization Task
INFO: [Pwropt 34-132] Skipping clock gating for clocks with a period < 2.00 ns.
INFO: [Timing 38-35] Done setting XDC timing constraints.
INFO: [Pwropt 34-9] Applying IDT optimizations ...
INFO: [Pwropt 34-10] Applying ODC optimizations ...
INFO: [Physopt 32-619] Estimated Timing Summary | WNS=3.337 | TNS=0.000 |
Running Vector-less Activity Propagation...

Finished Running Vector-less Activity Propagation


Starting PowerOpt Patch Enables Task
INFO: [Pwropt 34-162] WRITE_MODE attribute of 0 BRAM(s) out of a total of 2 has been updated to save power. Run report_power_opt to get a complete listing of the BRAMs updated.
INFO: [Pwropt 34-201] Structural ODC has moved 0 WE to EN ports
Number of BRAM Ports augmented: 0 newly gated: 2 Total Ports: 4
Ending PowerOpt Patch Enables Task | Checksum: 8ddc44f5

Time (s): cpu = 00:00:00 ; elapsed = 00:00:00.025 . Memory (MB): peak = 1236.660 ; gain = 0.000
Ending Power Optimization Task | Checksum: 8ddc44f5

Time (s): cpu = 00:00:02 ; elapsed = 00:00:00.930 . Memory (MB): peak = 1236.660 ; gain = 130.074

Starting Final Cleanup Task

Starting Logic Optimization Task
INFO: [Timing 38-35] Done setting XDC timing constraints.
Ending Logic Optimization Task | Checksum: e8cf39bf

Time (s): cpu = 00:00:00 ; elapsed = 00:00:00.071 . Memory (MB): peak = 1236.660 ; gain = 0.000
Ending Final Cleanup Task | Checksum: e8cf39bf

Time (s): cpu = 00:00:00 ; elapsed = 00:00:00.073 . Memory (MB): peak = 1236.660 ; gain = 0.000
INFO: [Common 17-83] Releasing license: Implementation
30 Infos, 0 Warnings, 0 Critical Warnings and 0 Errors encountered.
opt_design completed successfully
opt_design: Time (s): cpu = 00:00:17 ; elapsed = 00:00:18 . Memory (MB): peak = 1236.660 ; gain = 660.953
INFO: [Timing 38-480] Writing timing data to binary archive.
Writing placer database...
Writing XDEF routing.
Writing XDEF routing logical nets.
Writing XDEF routing special nets.
Write XDEF Complete: Time (s): cpu = 00:00:00 ; elapsed = 00:00:00.070 . Memory (MB): peak = 1236.660 ; gain = 0.000
INFO: [Common 17-1381] The checkpoint 'D:/USN_Study/Objected_Oriented_Embedded_Systems_programming_language/VHDL/Task_intro3/Assignment2/BozhaoLiu/Oppgave1/Main_state_machine/Main_state_machine.runs/impl_1/RX_TX_read_write_control_opt.dcp' has been generated.
INFO: [runtcl-4] Executing : report_drc -file RX_TX_read_write_control_drc_opted.rpt -pb RX_TX_read_write_control_drc_opted.pb -rpx RX_TX_read_write_control_drc_opted.rpx
Command: report_drc -file RX_TX_read_write_control_drc_opted.rpt -pb RX_TX_read_write_control_drc_opted.pb -rpx RX_TX_read_write_control_drc_opted.rpx
INFO: [IP_Flow 19-234] Refreshing IP repositories
INFO: [IP_Flow 19-1704] No user IP repositories specified
INFO: [IP_Flow 19-2313] Loaded Vivado IP repository 'C:/Xilinx/Vivado/2018.2/data/ip'.
INFO: [DRC 23-27] Running DRC with 2 threads
INFO: [Coretcl 2-168] The results of DRC are in file D:/USN_Study/Objected_Oriented_Embedded_Systems_programming_language/VHDL/Task_intro3/Assignment2/BozhaoLiu/Oppgave1/Main_state_machine/Main_state_machine.runs/impl_1/RX_TX_read_write_control_drc_opted.rpt.
report_drc completed successfully
Command: place_design
Attempting to get a license for feature 'Implementation' and/or device 'xc7z010'
INFO: [Common 17-349] Got license for feature 'Implementation' and/or device 'xc7z010'
INFO: [DRC 23-27] Running DRC with 2 threads
INFO: [Vivado_Tcl 4-198] DRC finished with 0 Errors
INFO: [Vivado_Tcl 4-199] Please refer to the DRC report (report_drc) for more information.
Running DRC as a precondition to command place_design
INFO: [DRC 23-27] Running DRC with 2 threads
INFO: [Vivado_Tcl 4-198] DRC finished with 0 Errors
INFO: [Vivado_Tcl 4-199] Please refer to the DRC report (report_drc) for more information.

Starting Placer Task
INFO: [Place 30-611] Multithreading enabled for place_design using a maximum of 2 CPUs

Phase 1 Placer Initialization

Phase 1.1 Placer Initialization Netlist Sorting
Netlist sorting complete. Time (s): cpu = 00:00:00 ; elapsed = 00:00:00.001 . Memory (MB): peak = 1236.660 ; gain = 0.000
Phase 1.1 Placer Initialization Netlist Sorting | Checksum: 7978767b

Time (s): cpu = 00:00:00 ; elapsed = 00:00:00.007 . Memory (MB): peak = 1236.660 ; gain = 0.000
INFO: [Timing 38-35] Done setting XDC timing constraints.
INFO: [Opt 31-138] Pushed 0 inverter(s) to 0 load pin(s).
Netlist sorting complete. Time (s): cpu = 00:00:00 ; elapsed = 00:00:00.001 . Memory (MB): peak = 1236.660 ; gain = 0.000

Phase 1.2 IO Placement/ Clock Placement/ Build Placer Device
INFO: [Timing 38-35] Done setting XDC timing constraints.
Phase 1.2 IO Placement/ Clock Placement/ Build Placer Device | Checksum: 1c6bc54ce

Time (s): cpu = 00:00:01 ; elapsed = 00:00:00.618 . Memory (MB): peak = 1236.660 ; gain = 0.000

Phase 1.3 Build Placer Netlist Model
Phase 1.3 Build Placer Netlist Model | Checksum: 1da37809e

Time (s): cpu = 00:00:01 ; elapsed = 00:00:00.917 . Memory (MB): peak = 1236.660 ; gain = 0.000

Phase 1.4 Constrain Clocks/Macros
Phase 1.4 Constrain Clocks/Macros | Checksum: 1da37809e

Time (s): cpu = 00:00:01 ; elapsed = 00:00:00.920 . Memory (MB): peak = 1236.660 ; gain = 0.000
Phase 1 Placer Initialization | Checksum: 1da37809e

Time (s): cpu = 00:00:01 ; elapsed = 00:00:00.925 . Memory (MB): peak = 1236.660 ; gain = 0.000

Phase 2 Global Placement

Phase 2.1 Floorplanning
Phase 2.1 Floorplanning | Checksum: 2258e089f

Time (s): cpu = 00:00:01 ; elapsed = 00:00:01 . Memory (MB): peak = 1236.660 ; gain = 0.000

Phase 2.2 Physical Synthesis In Placer
INFO: [Physopt 32-65] No nets found for high-fanout optimization.
INFO: [Physopt 32-232] Optimized 0 net. Created 0 new instance.
INFO: [Physopt 32-775] End 1 Pass. Optimized 0 net or cell. Created 0 new cell, deleted 0 existing cell and moved 0 existing cell
Netlist sorting complete. Time (s): cpu = 00:00:00 ; elapsed = 00:00:00.001 . Memory (MB): peak = 1236.660 ; gain = 0.000

Summary of Physical Synthesis Optimizations
============================================


-----------------------------------------------------------------------------------------------------------------------------
|  Optimization       |  Added Cells  |  Removed Cells  |  Optimized Cells/Nets  |  Dont Touch  |  Iterations  |  Elapsed   |
-----------------------------------------------------------------------------------------------------------------------------
|  Very High Fanout   |            0  |              0  |                     0  |           0  |           1  |  00:00:00  |
|  Total              |            0  |              0  |                     0  |           0  |           1  |  00:00:00  |
-----------------------------------------------------------------------------------------------------------------------------


Phase 2.2 Physical Synthesis In Placer | Checksum: 26bc52a83

Time (s): cpu = 00:00:06 ; elapsed = 00:00:04 . Memory (MB): peak = 1236.660 ; gain = 0.000
Phase 2 Global Placement | Checksum: 1bd3b9a66

Time (s): cpu = 00:00:06 ; elapsed = 00:00:04 . Memory (MB): peak = 1236.660 ; gain = 0.000

Phase 3 Detail Placement

Phase 3.1 Commit Multi Column Macros
Phase 3.1 Commit Multi Column Macros | Checksum: 1bd3b9a66

Time (s): cpu = 00:00:06 ; elapsed = 00:00:04 . Memory (MB): peak = 1236.660 ; gain = 0.000

Phase 3.2 Commit Most Macros & LUTRAMs
Phase 3.2 Commit Most Macros & LUTRAMs | Checksum: 1d3960d4f

Time (s): cpu = 00:00:06 ; elapsed = 00:00:04 . Memory (MB): peak = 1236.660 ; gain = 0.000

Phase 3.3 Area Swap Optimization
Phase 3.3 Area Swap Optimization | Checksum: 1b706068d

Time (s): cpu = 00:00:06 ; elapsed = 00:00:04 . Memory (MB): peak = 1236.660 ; gain = 0.000

Phase 3.4 Pipeline Register Optimization
Phase 3.4 Pipeline Register Optimization | Checksum: 1b706068d

Time (s): cpu = 00:00:06 ; elapsed = 00:00:04 . Memory (MB): peak = 1236.660 ; gain = 0.000

Phase 3.5 Small Shape Detail Placement
Phase 3.5 Small Shape Detail Placement | Checksum: 1df19792f

Time (s): cpu = 00:00:06 ; elapsed = 00:00:04 . Memory (MB): peak = 1236.660 ; gain = 0.000

Phase 3.6 Re-assign LUT pins
Phase 3.6 Re-assign LUT pins | Checksum: 14bb6fb32

Time (s): cpu = 00:00:06 ; elapsed = 00:00:05 . Memory (MB): peak = 1236.660 ; gain = 0.000

Phase 3.7 Pipeline Register Optimization
Phase 3.7 Pipeline Register Optimization | Checksum: 14bb6fb32

Time (s): cpu = 00:00:06 ; elapsed = 00:00:05 . Memory (MB): peak = 1236.660 ; gain = 0.000
Phase 3 Detail Placement | Checksum: 14bb6fb32

Time (s): cpu = 00:00:06 ; elapsed = 00:00:05 . Memory (MB): peak = 1236.660 ; gain = 0.000

Phase 4 Post Placement Optimization and Clean-Up

Phase 4.1 Post Commit Optimization
INFO: [Timing 38-35] Done setting XDC timing constraints.

Phase 4.1.1 Post Placement Optimization
Post Placement Optimization Initialization | Checksum: 13005ad74

Phase 4.1.1.1 BUFG Insertion
INFO: [Place 46-31] BUFG insertion identified 0 candidate nets, 0 success, 0 skipped for placement/routing, 0 skipped for timing, 0 skipped for netlist change reason.
Phase 4.1.1.1 BUFG Insertion | Checksum: 13005ad74

Time (s): cpu = 00:00:06 ; elapsed = 00:00:05 . Memory (MB): peak = 1236.660 ; gain = 0.000
INFO: [Place 30-746] Post Placement Timing Summary WNS=3.089. For the most accurate timing information please run report_timing.
Phase 4.1.1 Post Placement Optimization | Checksum: 113cc5c01

Time (s): cpu = 00:00:06 ; elapsed = 00:00:05 . Memory (MB): peak = 1236.660 ; gain = 0.000
Phase 4.1 Post Commit Optimization | Checksum: 113cc5c01

Time (s): cpu = 00:00:06 ; elapsed = 00:00:05 . Memory (MB): peak = 1236.660 ; gain = 0.000

Phase 4.2 Post Placement Cleanup
Phase 4.2 Post Placement Cleanup | Checksum: 113cc5c01

Time (s): cpu = 00:00:06 ; elapsed = 00:00:05 . Memory (MB): peak = 1236.660 ; gain = 0.000

Phase 4.3 Placer Reporting
Phase 4.3 Placer Reporting | Checksum: 113cc5c01

Time (s): cpu = 00:00:06 ; elapsed = 00:00:05 . Memory (MB): peak = 1236.660 ; gain = 0.000

Phase 4.4 Final Placement Cleanup
Phase 4.4 Final Placement Cleanup | Checksum: 13ee99ab1

Time (s): cpu = 00:00:06 ; elapsed = 00:00:05 . Memory (MB): peak = 1236.660 ; gain = 0.000
Phase 4 Post Placement Optimization and Clean-Up | Checksum: 13ee99ab1

Time (s): cpu = 00:00:06 ; elapsed = 00:00:05 . Memory (MB): peak = 1236.660 ; gain = 0.000
Ending Placer Task | Checksum: 111c3ed85

Time (s): cpu = 00:00:06 ; elapsed = 00:00:05 . Memory (MB): peak = 1236.660 ; gain = 0.000
INFO: [Common 17-83] Releasing license: Implementation
56 Infos, 0 Warnings, 0 Critical Warnings and 0 Errors encountered.
place_design completed successfully
place_design: Time (s): cpu = 00:00:08 ; elapsed = 00:00:06 . Memory (MB): peak = 1236.660 ; gain = 0.000
INFO: [Timing 38-480] Writing timing data to binary archive.
Writing placer database...
Writing XDEF routing.
Writing XDEF routing logical nets.
Writing XDEF routing special nets.
Write XDEF Complete: Time (s): cpu = 00:00:01 ; elapsed = 00:00:00.136 . Memory (MB): peak = 1236.660 ; gain = 0.000
INFO: [Common 17-1381] The checkpoint 'D:/USN_Study/Objected_Oriented_Embedded_Systems_programming_language/VHDL/Task_intro3/Assignment2/BozhaoLiu/Oppgave1/Main_state_machine/Main_state_machine.runs/impl_1/RX_TX_read_write_control_placed.dcp' has been generated.
INFO: [runtcl-4] Executing : report_io -file RX_TX_read_write_control_io_placed.rpt
report_io: Time (s): cpu = 00:00:00 ; elapsed = 00:00:00.069 . Memory (MB): peak = 1236.660 ; gain = 0.000
INFO: [runtcl-4] Executing : report_utilization -file RX_TX_read_write_control_utilization_placed.rpt -pb RX_TX_read_write_control_utilization_placed.pb
report_utilization: Time (s): cpu = 00:00:00 ; elapsed = 00:00:00.040 . Memory (MB): peak = 1236.660 ; gain = 0.000
INFO: [runtcl-4] Executing : report_control_sets -verbose -file RX_TX_read_write_control_control_sets_placed.rpt
report_control_sets: Time (s): cpu = 00:00:00 ; elapsed = 00:00:00.009 . Memory (MB): peak = 1236.660 ; gain = 0.000
Command: route_design
Attempting to get a license for feature 'Implementation' and/or device 'xc7z010'
INFO: [Common 17-349] Got license for feature 'Implementation' and/or device 'xc7z010'
Running DRC as a precondition to command route_design
INFO: [DRC 23-27] Running DRC with 2 threads
INFO: [Vivado_Tcl 4-198] DRC finished with 0 Errors
INFO: [Vivado_Tcl 4-199] Please refer to the DRC report (report_drc) for more information.


Starting Routing Task
INFO: [Route 35-254] Multithreading enabled for route_design using a maximum of 2 CPUs
Checksum: PlaceDB: 151006b4 ConstDB: 0 ShapeSum: fcb3e6d1 RouteDB: 0

Phase 1 Build RT Design
Phase 1 Build RT Design | Checksum: 18a8fe359

Time (s): cpu = 00:00:18 ; elapsed = 00:00:17 . Memory (MB): peak = 1236.660 ; gain = 0.000
Post Restoration Checksum: NetGraph: bfbe88d6 NumContArr: cad15a83 Constraints: 0 Timing: 0

Phase 2 Router Initialization

Phase 2.1 Create Timer
Phase 2.1 Create Timer | Checksum: 18a8fe359

Time (s): cpu = 00:00:18 ; elapsed = 00:00:17 . Memory (MB): peak = 1236.660 ; gain = 0.000

Phase 2.2 Fix Topology Constraints
Phase 2.2 Fix Topology Constraints | Checksum: 18a8fe359

Time (s): cpu = 00:00:18 ; elapsed = 00:00:17 . Memory (MB): peak = 1236.660 ; gain = 0.000

Phase 2.3 Pre Route Cleanup
Phase 2.3 Pre Route Cleanup | Checksum: 18a8fe359

Time (s): cpu = 00:00:18 ; elapsed = 00:00:17 . Memory (MB): peak = 1236.660 ; gain = 0.000
 Number of Nodes with overlaps = 0

Phase 2.4 Update Timing
Phase 2.4 Update Timing | Checksum: 1c414cfd4

Time (s): cpu = 00:00:19 ; elapsed = 00:00:17 . Memory (MB): peak = 1236.660 ; gain = 0.000
INFO: [Route 35-416] Intermediate Timing Summary | WNS=3.044  | TNS=0.000  | WHS=-0.357 | THS=-8.708 |

Phase 2 Router Initialization | Checksum: 1031015b8

Time (s): cpu = 00:00:19 ; elapsed = 00:00:17 . Memory (MB): peak = 1236.660 ; gain = 0.000

Phase 3 Initial Routing
Phase 3 Initial Routing | Checksum: 17ec75496

Time (s): cpu = 00:00:19 ; elapsed = 00:00:17 . Memory (MB): peak = 1236.660 ; gain = 0.000

Phase 4 Rip-up And Reroute

Phase 4.1 Global Iteration 0
 Number of Nodes with overlaps = 4
 Number of Nodes with overlaps = 0
INFO: [Route 35-416] Intermediate Timing Summary | WNS=2.572  | TNS=0.000  | WHS=N/A    | THS=N/A    |

Phase 4.1 Global Iteration 0 | Checksum: 21dcd32ee

Time (s): cpu = 00:00:19 ; elapsed = 00:00:17 . Memory (MB): peak = 1236.660 ; gain = 0.000
Phase 4 Rip-up And Reroute | Checksum: 21dcd32ee

Time (s): cpu = 00:00:19 ; elapsed = 00:00:17 . Memory (MB): peak = 1236.660 ; gain = 0.000

Phase 5 Delay and Skew Optimization

Phase 5.1 Delay CleanUp

Phase 5.1.1 Update Timing
Phase 5.1.1 Update Timing | Checksum: 1ec656501

Time (s): cpu = 00:00:19 ; elapsed = 00:00:17 . Memory (MB): peak = 1236.660 ; gain = 0.000
INFO: [Route 35-416] Intermediate Timing Summary | WNS=2.687  | TNS=0.000  | WHS=N/A    | THS=N/A    |

Phase 5.1 Delay CleanUp | Checksum: 1ec656501

Time (s): cpu = 00:00:19 ; elapsed = 00:00:17 . Memory (MB): peak = 1236.660 ; gain = 0.000

Phase 5.2 Clock Skew Optimization
Phase 5.2 Clock Skew Optimization | Checksum: 1ec656501

Time (s): cpu = 00:00:19 ; elapsed = 00:00:17 . Memory (MB): peak = 1236.660 ; gain = 0.000
Phase 5 Delay and Skew Optimization | Checksum: 1ec656501

Time (s): cpu = 00:00:19 ; elapsed = 00:00:17 . Memory (MB): peak = 1236.660 ; gain = 0.000

Phase 6 Post Hold Fix

Phase 6.1 Hold Fix Iter

Phase 6.1.1 Update Timing
Phase 6.1.1 Update Timing | Checksum: 1a02bb7b8

Time (s): cpu = 00:00:19 ; elapsed = 00:00:17 . Memory (MB): peak = 1236.660 ; gain = 0.000
INFO: [Route 35-416] Intermediate Timing Summary | WNS=2.687  | TNS=0.000  | WHS=0.067  | THS=0.000  |

Phase 6.1 Hold Fix Iter | Checksum: 1d6bedbe0

Time (s): cpu = 00:00:19 ; elapsed = 00:00:17 . Memory (MB): peak = 1236.660 ; gain = 0.000
Phase 6 Post Hold Fix | Checksum: 1d6bedbe0

Time (s): cpu = 00:00:19 ; elapsed = 00:00:17 . Memory (MB): peak = 1236.660 ; gain = 0.000

Phase 7 Route finalize

Router Utilization Summary
  Global Vertical Routing Utilization    = 0.105293 %
  Global Horizontal Routing Utilization  = 0.117647 %
  Routable Net Status*
  *Does not include unroutable nets such as driverless and loadless.
  Run report_route_status for detailed report.
  Number of Failed Nets               = 0
  Number of Unrouted Nets             = 0
  Number of Partially Routed Nets     = 0
  Number of Node Overlaps             = 0

Phase 7 Route finalize | Checksum: 15c950bab

Time (s): cpu = 00:00:19 ; elapsed = 00:00:17 . Memory (MB): peak = 1236.660 ; gain = 0.000

Phase 8 Verifying routed nets

 Verification completed successfully
Phase 8 Verifying routed nets | Checksum: 15c950bab

Time (s): cpu = 00:00:19 ; elapsed = 00:00:17 . Memory (MB): peak = 1236.660 ; gain = 0.000

Phase 9 Depositing Routes
Phase 9 Depositing Routes | Checksum: 17f150b74

Time (s): cpu = 00:00:19 ; elapsed = 00:00:17 . Memory (MB): peak = 1236.660 ; gain = 0.000

Phase 10 Post Router Timing
INFO: [Route 35-57] Estimated Timing Summary | WNS=2.687  | TNS=0.000  | WHS=0.067  | THS=0.000  |

INFO: [Route 35-327] The final timing numbers are based on the router estimated timing analysis. For a complete and accurate timing signoff, please run report_timing_summary.
Phase 10 Post Router Timing | Checksum: 17f150b74

Time (s): cpu = 00:00:19 ; elapsed = 00:00:17 . Memory (MB): peak = 1236.660 ; gain = 0.000
INFO: [Route 35-16] Router Completed Successfully

Time (s): cpu = 00:00:19 ; elapsed = 00:00:17 . Memory (MB): peak = 1236.660 ; gain = 0.000

Routing Is Done.
INFO: [Common 17-83] Releasing license: Implementation
74 Infos, 0 Warnings, 0 Critical Warnings and 0 Errors encountered.
route_design completed successfully
route_design: Time (s): cpu = 00:00:21 ; elapsed = 00:00:19 . Memory (MB): peak = 1236.660 ; gain = 0.000
INFO: [Timing 38-480] Writing timing data to binary archive.
Writing placer database...
Writing XDEF routing.
Writing XDEF routing logical nets.
Writing XDEF routing special nets.
Write XDEF Complete: Time (s): cpu = 00:00:01 ; elapsed = 00:00:00.183 . Memory (MB): peak = 1236.660 ; gain = 0.000
INFO: [Common 17-1381] The checkpoint 'D:/USN_Study/Objected_Oriented_Embedded_Systems_programming_language/VHDL/Task_intro3/Assignment2/BozhaoLiu/Oppgave1/Main_state_machine/Main_state_machine.runs/impl_1/RX_TX_read_write_control_routed.dcp' has been generated.
INFO: [runtcl-4] Executing : report_drc -file RX_TX_read_write_control_drc_routed.rpt -pb RX_TX_read_write_control_drc_routed.pb -rpx RX_TX_read_write_control_drc_routed.rpx
Command: report_drc -file RX_TX_read_write_control_drc_routed.rpt -pb RX_TX_read_write_control_drc_routed.pb -rpx RX_TX_read_write_control_drc_routed.rpx
INFO: [DRC 23-27] Running DRC with 2 threads
INFO: [Coretcl 2-168] The results of DRC are in file D:/USN_Study/Objected_Oriented_Embedded_Systems_programming_language/VHDL/Task_intro3/Assignment2/BozhaoLiu/Oppgave1/Main_state_machine/Main_state_machine.runs/impl_1/RX_TX_read_write_control_drc_routed.rpt.
report_drc completed successfully
INFO: [runtcl-4] Executing : report_methodology -file RX_TX_read_write_control_methodology_drc_routed.rpt -pb RX_TX_read_write_control_methodology_drc_routed.pb -rpx RX_TX_read_write_control_methodology_drc_routed.rpx
Command: report_methodology -file RX_TX_read_write_control_methodology_drc_routed.rpt -pb RX_TX_read_write_control_methodology_drc_routed.pb -rpx RX_TX_read_write_control_methodology_drc_routed.rpx
INFO: [Timing 38-35] Done setting XDC timing constraints.
INFO: [Timing 38-35] Done setting XDC timing constraints.
INFO: [DRC 23-133] Running Methodology with 2 threads
INFO: [Coretcl 2-1520] The results of Report Methodology are in file D:/USN_Study/Objected_Oriented_Embedded_Systems_programming_language/VHDL/Task_intro3/Assignment2/BozhaoLiu/Oppgave1/Main_state_machine/Main_state_machine.runs/impl_1/RX_TX_read_write_control_methodology_drc_routed.rpt.
report_methodology completed successfully
INFO: [runtcl-4] Executing : report_power -file RX_TX_read_write_control_power_routed.rpt -pb RX_TX_read_write_control_power_summary_routed.pb -rpx RX_TX_read_write_control_power_routed.rpx
Command: report_power -file RX_TX_read_write_control_power_routed.rpt -pb RX_TX_read_write_control_power_summary_routed.pb -rpx RX_TX_read_write_control_power_routed.rpx
INFO: [Timing 38-35] Done setting XDC timing constraints.
Running Vector-less Activity Propagation...

Finished Running Vector-less Activity Propagation
86 Infos, 0 Warnings, 0 Critical Warnings and 0 Errors encountered.
report_power completed successfully
INFO: [runtcl-4] Executing : report_route_status -file RX_TX_read_write_control_route_status.rpt -pb RX_TX_read_write_control_route_status.pb
INFO: [runtcl-4] Executing : report_timing_summary -max_paths 10 -file RX_TX_read_write_control_timing_summary_routed.rpt -pb RX_TX_read_write_control_timing_summary_routed.pb -rpx RX_TX_read_write_control_timing_summary_routed.rpx -warn_on_violation 
INFO: [Timing 38-91] UpdateTimingParams: Speed grade: -1, Delay Type: min_max, Timing Stage: Requireds.
INFO: [Timing 38-191] Multithreading enabled for timing update using a maximum of 2 CPUs
INFO: [runtcl-4] Executing : report_incremental_reuse -file RX_TX_read_write_control_incremental_reuse_routed.rpt
INFO: [Vivado_Tcl 4-545] No incremental reuse to report, no incremental placement and routing data was found.
INFO: [runtcl-4] Executing : report_clock_utilization -file RX_TX_read_write_control_clock_utilization_routed.rpt
INFO: [runtcl-4] Executing : report_bus_skew -warn_on_violation -file RX_TX_read_write_control_bus_skew_routed.rpt -pb RX_TX_read_write_control_bus_skew_routed.pb -rpx RX_TX_read_write_control_bus_skew_routed.rpx
INFO: [Timing 38-91] UpdateTimingParams: Speed grade: -1, Delay Type: min_max, Timing Stage: Requireds.
INFO: [Timing 38-191] Multithreading enabled for timing update using a maximum of 2 CPUs
Command: write_bitstream -force RX_TX_read_write_control.bit
Attempting to get a license for feature 'Implementation' and/or device 'xc7z010'
INFO: [Common 17-349] Got license for feature 'Implementation' and/or device 'xc7z010'
Running DRC as a precondition to command write_bitstream
INFO: [DRC 23-27] Running DRC with 2 threads
WARNING: [DRC ZPS7-1] PS7 block required: The PS7 cell must be used in this Zynq design in order to enable correct default configuration.
INFO: [Vivado 12-3199] DRC finished with 0 Errors, 1 Warnings
INFO: [Vivado 12-3200] Please refer to the DRC report (report_drc) for more information.
INFO: [Designutils 20-2272] Running write_bitstream with 2 threads.
Loading data files...
Loading site data...
Loading route data...
Processing options...
Creating bitmap...
Creating bitstream...
Writing bitstream ./RX_TX_read_write_control.bit...
INFO: [Vivado 12-1842] Bitgen Completed Successfully.
INFO: [Project 1-120] WebTalk data collection is mandatory when using a WebPACK part without a full Vivado license. To see the specific WebTalk data collected for your design, open the usage_statistics_webtalk.html or usage_statistics_webtalk.xml file in the implementation directory.
INFO: [Common 17-186] 'D:/USN_Study/Objected_Oriented_Embedded_Systems_programming_language/VHDL/Task_intro3/Assignment2/BozhaoLiu/Oppgave1/Main_state_machine/Main_state_machine.runs/impl_1/usage_statistics_webtalk.xml' has been successfully sent to Xilinx on Thu Sep 20 18:00:48 2018. For additional details about this file, please refer to the WebTalk help file at C:/Xilinx/Vivado/2018.2/doc/webtalk_introduction.html.
INFO: [Common 17-83] Releasing license: Implementation
105 Infos, 1 Warnings, 0 Critical Warnings and 0 Errors encountered.
write_bitstream completed successfully
write_bitstream: Time (s): cpu = 00:00:16 ; elapsed = 00:00:21 . Memory (MB): peak = 1663.188 ; gain = 403.594
INFO: [Common 17-206] Exiting Vivado at Thu Sep 20 18:00:48 2018...
